{"meta": {"format": 3, "version": "7.13.0", "timestamp": "2026-01-07T21:28:36.384462", "branch_coverage": false, "show_contexts": false}, "files": {"eleven_video\\__init__.py": {"executed_lines": [1, 2], "summary": {"covered_lines": 1, "num_statements": 1, "percent_covered": 100.0, "percent_covered_display": "100", "missing_lines": 0, "excluded_lines": 0, "percent_statements_covered": 100.0, "percent_statements_covered_display": "100"}, "missing_lines": [], "excluded_lines": [], "functions": {"": {"executed_lines": [1, 2], "summary": {"covered_lines": 1, "num_statements": 1, "percent_covered": 100.0, "percent_covered_display": "100", "missing_lines": 0, "excluded_lines": 0, "percent_statements_covered": 100.0, "percent_statements_covered_display": "100"}, "missing_lines": [], "excluded_lines": []}}, "classes": {"": {"executed_lines": [1, 2], "summary": {"covered_lines": 1, "num_statements": 1, "percent_covered": 100.0, "percent_covered_display": "100", "missing_lines": 0, "excluded_lines": 0, "percent_statements_covered": 100.0, "percent_statements_covered_display": "100"}, "missing_lines": [], "excluded_lines": []}}}, "eleven_video\\api\\__init__.py": {"executed_lines": [1, 6, 7, 8, 10], "summary": {"covered_lines": 4, "num_statements": 4, "percent_covered": 100.0, "percent_covered_display": "100", "missing_lines": 0, "excluded_lines": 0, "percent_statements_covered": 100.0, "percent_statements_covered_display": "100"}, "missing_lines": [], "excluded_lines": [], "functions": {"": {"executed_lines": [1, 6, 7, 8, 10], "summary": {"covered_lines": 4, "num_statements": 4, "percent_covered": 100.0, "percent_covered_display": "100", "missing_lines": 0, "excluded_lines": 0, "percent_statements_covered": 100.0, "percent_statements_covered_display": "100"}, "missing_lines": [], "excluded_lines": []}}, "classes": {"": {"executed_lines": [1, 6, 7, 8, 10], "summary": {"covered_lines": 4, "num_statements": 4, "percent_covered": 100.0, "percent_covered_display": "100", "missing_lines": 0, "excluded_lines": 0, "percent_statements_covered": 100.0, "percent_statements_covered_display": "100"}, "missing_lines": [], "excluded_lines": []}}}, "eleven_video\\api\\elevenlabs.py": {"executed_lines": [1, 7, 8, 10, 11, 13, 15, 16, 17, 18, 21, 22, 33, 34, 35, 36, 37, 39, 57, 58, 59, 60, 62, 64, 65, 67, 68, 70, 71, 73, 75, 77, 78, 79, 81, 83, 84, 89, 91, 96, 98, 99, 100, 102, 108, 110, 111, 112, 114, 115, 120, 121, 132, 133, 151, 157, 158, 160, 169, 170, 177, 178, 186, 209, 210, 211, 213, 214, 217, 218, 219, 220, 223, 224, 227, 230, 231, 233, 235, 240, 241, 243, 245, 247, 248, 251, 252, 254, 266, 271, 274, 282, 285, 290, 296, 303, 304, 306, 318, 327, 330, 331, 333, 334, 335, 336, 337, 338, 339, 343, 344, 345, 346, 348, 359, 360, 361, 366, 379, 380, 381, 382, 384, 385, 387, 388, 394, 406, 408, 409, 411, 412, 413, 420, 422, 424, 425], "summary": {"covered_lines": 135, "num_statements": 151, "percent_covered": 89.40397350993378, "percent_covered_display": "89", "missing_lines": 16, "excluded_lines": 0, "percent_statements_covered": 89.40397350993378, "percent_statements_covered_display": "89"}, "missing_lines": [127, 138, 139, 144, 145, 161, 212, 312, 315, 316, 340, 362, 364, 390, 391, 392], "excluded_lines": [], "functions": {"ElevenLabsAdapter.__init__": {"executed_lines": [57, 58, 59, 60, 62, 64, 65, 67, 68], "summary": {"covered_lines": 9, "num_statements": 9, "percent_covered": 100.0, "percent_covered_display": "100", "missing_lines": 0, "excluded_lines": 0, "percent_statements_covered": 100.0, "percent_statements_covered_display": "100"}, "missing_lines": [], "excluded_lines": []}, "ElevenLabsAdapter.service_name": {"executed_lines": [73], "summary": {"covered_lines": 1, "num_statements": 1, "percent_covered": 100.0, "percent_covered_display": "100", "missing_lines": 0, "excluded_lines": 0, "percent_statements_covered": 100.0, "percent_statements_covered_display": "100"}, "missing_lines": [], "excluded_lines": []}, "ElevenLabsAdapter._get_sdk_client": {"executed_lines": [77, 78, 79], "summary": {"covered_lines": 3, "num_statements": 3, "percent_covered": 100.0, "percent_covered_display": "100", "missing_lines": 0, "excluded_lines": 0, "percent_statements_covered": 100.0, "percent_statements_covered_display": "100"}, "missing_lines": [], "excluded_lines": []}, "ElevenLabsAdapter._get_client": {"executed_lines": [83, 84, 89], "summary": {"covered_lines": 3, "num_statements": 3, "percent_covered": 100.0, "percent_covered_display": "100", "missing_lines": 0, "excluded_lines": 0, "percent_statements_covered": 100.0, "percent_statements_covered_display": "100"}, "missing_lines": [], "excluded_lines": []}, "ElevenLabsAdapter._fetch_subscription": {"executed_lines": [98, 99, 100], "summary": {"covered_lines": 3, "num_statements": 3, "percent_covered": 100.0, "percent_covered_display": "100", "missing_lines": 0, "excluded_lines": 0, "percent_statements_covered": 100.0, "percent_statements_covered_display": "100"}, "missing_lines": [], "excluded_lines": []}, "ElevenLabsAdapter.check_health": {"executed_lines": [108, 110, 111, 112, 114, 115, 120, 121, 132, 133], "summary": {"covered_lines": 10, "num_statements": 15, "percent_covered": 66.66666666666667, "percent_covered_display": "67", "missing_lines": 5, "excluded_lines": 0, "percent_statements_covered": 66.66666666666667, "percent_statements_covered_display": "67"}, "missing_lines": [127, 138, 139, 144, 145], "excluded_lines": []}, "ElevenLabsAdapter.get_usage": {"executed_lines": [157, 158, 160, 169, 170, 177, 178], "summary": {"covered_lines": 7, "num_statements": 8, "percent_covered": 87.5, "percent_covered_display": "88", "missing_lines": 1, "excluded_lines": 0, "percent_statements_covered": 87.5, "percent_statements_covered_display": "88"}, "missing_lines": [161], "excluded_lines": []}, "ElevenLabsAdapter.generate_speech": {"executed_lines": [209, 210, 211, 213, 214, 217, 218, 219, 220, 223, 224, 227, 230, 231, 233, 235, 240, 241, 243, 245, 247, 248, 251, 252], "summary": {"covered_lines": 24, "num_statements": 25, "percent_covered": 96.0, "percent_covered_display": "96", "missing_lines": 1, "excluded_lines": 0, "percent_statements_covered": 96.0, "percent_statements_covered_display": "96"}, "missing_lines": [212], "excluded_lines": []}, "ElevenLabsAdapter._generate_with_retry": {"executed_lines": [271, 274, 282, 285, 290], "summary": {"covered_lines": 5, "num_statements": 5, "percent_covered": 100.0, "percent_covered_display": "100", "missing_lines": 0, "excluded_lines": 0, "percent_statements_covered": 100.0, "percent_statements_covered_display": "100"}, "missing_lines": [], "excluded_lines": []}, "ElevenLabsAdapter._report_character_usage": {"executed_lines": [303, 304, 306], "summary": {"covered_lines": 3, "num_statements": 6, "percent_covered": 50.0, "percent_covered_display": "50", "missing_lines": 3, "excluded_lines": 0, "percent_statements_covered": 50.0, "percent_statements_covered_display": "50"}, "missing_lines": [312, 315, 316], "excluded_lines": []}, "ElevenLabsAdapter._format_error": {"executed_lines": [327, 330, 331, 333, 334, 335, 336, 337, 338, 339, 343, 344, 345, 346], "summary": {"covered_lines": 14, "num_statements": 15, "percent_covered": 93.33333333333333, "percent_covered_display": "93", "missing_lines": 1, "excluded_lines": 0, "percent_statements_covered": 93.33333333333333, "percent_statements_covered_display": "93"}, "missing_lines": [340], "excluded_lines": []}, "ElevenLabsAdapter.validate_voice_id": {"executed_lines": [359, 360, 361], "summary": {"covered_lines": 3, "num_statements": 5, "percent_covered": 60.0, "percent_covered_display": "60", "missing_lines": 2, "excluded_lines": 0, "percent_statements_covered": 60.0, "percent_statements_covered_display": "60"}, "missing_lines": [362, 364], "excluded_lines": []}, "ElevenLabsAdapter.list_voices": {"executed_lines": [379, 380, 381, 382, 384, 385, 387, 388], "summary": {"covered_lines": 8, "num_statements": 11, "percent_covered": 72.72727272727273, "percent_covered_display": "73", "missing_lines": 3, "excluded_lines": 0, "percent_statements_covered": 72.72727272727273, "percent_statements_covered_display": "73"}, "missing_lines": [390, 391, 392], "excluded_lines": []}, "ElevenLabsAdapter._list_voices_with_retry": {"executed_lines": [408, 409, 411, 412, 413, 420], "summary": {"covered_lines": 6, "num_statements": 6, "percent_covered": 100.0, "percent_covered_display": "100", "missing_lines": 0, "excluded_lines": 0, "percent_statements_covered": 100.0, "percent_statements_covered_display": "100"}, "missing_lines": [], "excluded_lines": []}, "ElevenLabsAdapter.close": {"executed_lines": [424, 425], "summary": {"covered_lines": 2, "num_statements": 2, "percent_covered": 100.0, "percent_covered_display": "100", "missing_lines": 0, "excluded_lines": 0, "percent_statements_covered": 100.0, "percent_statements_covered_display": "100"}, "missing_lines": [], "excluded_lines": []}, "": {"executed_lines": [1, 7, 8, 10, 11, 13, 15, 16, 17, 18, 21, 22, 33, 34, 35, 36, 37, 39, 70, 71, 75, 81, 91, 96, 102, 151, 186, 254, 266, 296, 318, 348, 366, 394, 406, 422], "summary": {"covered_lines": 34, "num_statements": 34, "percent_covered": 100.0, "percent_covered_display": "100", "missing_lines": 0, "excluded_lines": 0, "percent_statements_covered": 100.0, "percent_statements_covered_display": "100"}, "missing_lines": [], "excluded_lines": []}}, "classes": {"ElevenLabsAdapter": {"executed_lines": [57, 58, 59, 60, 62, 64, 65, 67, 68, 73, 77, 78, 79, 83, 84, 89, 98, 99, 100, 108, 110, 111, 112, 114, 115, 120, 121, 132, 133, 157, 158, 160, 169, 170, 177, 178, 209, 210, 211, 213, 214, 217, 218, 219, 220, 223, 224, 227, 230, 231, 233, 235, 240, 241, 243, 245, 247, 248, 251, 252, 271, 274, 282, 285, 290, 303, 304, 306, 327, 330, 331, 333, 334, 335, 336, 337, 338, 339, 343, 344, 345, 346, 359, 360, 361, 379, 380, 381, 382, 384, 385, 387, 388, 408, 409, 411, 412, 413, 420, 424, 425], "summary": {"covered_lines": 101, "num_statements": 117, "percent_covered": 86.32478632478633, "percent_covered_display": "86", "missing_lines": 16, "excluded_lines": 0, "percent_statements_covered": 86.32478632478633, "percent_statements_covered_display": "86"}, "missing_lines": [127, 138, 139, 144, 145, 161, 212, 312, 315, 316, 340, 362, 364, 390, 391, 392], "excluded_lines": []}, "": {"executed_lines": [1, 7, 8, 10, 11, 13, 15, 16, 17, 18, 21, 22, 33, 34, 35, 36, 37, 39, 70, 71, 75, 81, 91, 96, 102, 151, 186, 254, 266, 296, 318, 348, 366, 394, 406, 422], "summary": {"covered_lines": 34, "num_statements": 34, "percent_covered": 100.0, "percent_covered_display": "100", "missing_lines": 0, "excluded_lines": 0, "percent_statements_covered": 100.0, "percent_statements_covered_display": "100"}, "missing_lines": [], "excluded_lines": []}}}, "eleven_video\\api\\gemini.py": {"executed_lines": [1, 9, 10, 12, 13, 15, 17, 18, 19, 20, 23, 24, 34, 35, 36, 38, 52, 53, 54, 55, 57, 59, 62, 65, 66, 69, 70, 72, 73, 75, 77, 79, 80, 84, 86, 91, 93, 94, 98, 100, 106, 108, 109, 110, 112, 113, 118, 119, 136, 137, 155, 165, 173, 197, 198, 199, 201, 202, 205, 206, 207, 212, 215, 216, 217, 218, 221, 222, 228, 229, 231, 233, 235, 236, 238, 240, 242, 243, 246, 247, 249, 255, 265, 266, 272, 276, 279, 280, 285, 287, 296, 297, 298, 301, 304, 305, 306, 314, 315, 316, 322, 325, 326, 328, 334, 335, 336, 347, 356, 359, 362, 363, 364, 365, 366, 367, 368, 372, 373, 375, 377, 379, 380, 386, 387, 393, 406, 407, 408, 409, 411, 412, 414, 415, 416, 417, 418, 420, 426, 431, 433, 434, 436, 437, 438, 441, 446, 448, 450, 457, 459, 468, 469, 475, 488, 489, 490, 491, 493, 494, 496, 497, 502, 508, 514, 516, 517, 518, 519, 520, 524, 531, 533, 535, 542, 544, 553, 554, 556, 571, 572, 576, 577, 578, 580, 581, 582, 584, 586, 588, 591, 593, 617, 619, 620, 623, 626, 627, 628, 634, 637, 640, 643, 644, 646, 648, 649, 652, 653, 655, 656, 657, 658, 659, 660, 662, 664, 666, 667, 669, 672, 673, 674, 675, 676, 677, 678, 680, 681, 683, 685, 698, 700, 704, 709, 710, 712, 720, 722, 724, 734, 736, 737, 739, 740, 742, 744, 747, 748, 750, 751, 753, 759, 772, 774, 776, 785, 786, 788, 791, 792, 793, 794, 796, 799, 801, 804, 805, 806, 807, 810, 812], "summary": {"covered_lines": 270, "num_statements": 304, "percent_covered": 88.8157894736842, "percent_covered_display": "89", "missing_lines": 34, "excluded_lines": 0, "percent_statements_covered": 88.8157894736842, "percent_statements_covered_display": "89"}, "missing_lines": [124, 125, 131, 142, 143, 148, 149, 200, 277, 282, 283, 299, 342, 344, 345, 360, 369, 374, 498, 499, 500, 585, 618, 638, 641, 668, 702, 706, 714, 715, 716, 717, 718, 819], "excluded_lines": [], "functions": {"GeminiAdapter.__init__": {"executed_lines": [52, 53, 54, 55, 57, 59, 62, 65, 66, 69, 70], "summary": {"covered_lines": 11, "num_statements": 11, "percent_covered": 100.0, "percent_covered_display": "100", "missing_lines": 0, "excluded_lines": 0, "percent_statements_covered": 100.0, "percent_statements_covered_display": "100"}, "missing_lines": [], "excluded_lines": []}, "GeminiAdapter.service_name": {"executed_lines": [75], "summary": {"covered_lines": 1, "num_statements": 1, "percent_covered": 100.0, "percent_covered_display": "100", "missing_lines": 0, "excluded_lines": 0, "percent_statements_covered": 100.0, "percent_statements_covered_display": "100"}, "missing_lines": [], "excluded_lines": []}, "GeminiAdapter._get_http_client": {"executed_lines": [79, 80, 84], "summary": {"covered_lines": 3, "num_statements": 3, "percent_covered": 100.0, "percent_covered_display": "100", "missing_lines": 0, "excluded_lines": 0, "percent_statements_covered": 100.0, "percent_statements_covered_display": "100"}, "missing_lines": [], "excluded_lines": []}, "GeminiAdapter._fetch_models": {"executed_lines": [93, 94, 98], "summary": {"covered_lines": 3, "num_statements": 3, "percent_covered": 100.0, "percent_covered_display": "100", "missing_lines": 0, "excluded_lines": 0, "percent_statements_covered": 100.0, "percent_statements_covered_display": "100"}, "missing_lines": [], "excluded_lines": []}, "GeminiAdapter.check_health": {"executed_lines": [106, 108, 109, 110, 112, 113, 118, 119, 136, 137], "summary": {"covered_lines": 10, "num_statements": 17, "percent_covered": 58.8235294117647, "percent_covered_display": "59", "missing_lines": 7, "excluded_lines": 0, "percent_statements_covered": 58.8235294117647, "percent_statements_covered_display": "59"}, "missing_lines": [124, 125, 131, 142, 143, 148, 149], "excluded_lines": []}, "GeminiAdapter.get_usage": {"executed_lines": [165], "summary": {"covered_lines": 1, "num_statements": 1, "percent_covered": 100.0, "percent_covered_display": "100", "missing_lines": 0, "excluded_lines": 0, "percent_statements_covered": 100.0, "percent_statements_covered_display": "100"}, "missing_lines": [], "excluded_lines": []}, "GeminiAdapter.generate_script": {"executed_lines": [197, 198, 199, 201, 202, 205, 206, 207, 212, 215, 216, 217, 218, 221, 222, 228, 229, 231, 233, 235, 236, 238, 240, 242, 243, 246, 247], "summary": {"covered_lines": 27, "num_statements": 28, "percent_covered": 96.42857142857143, "percent_covered_display": "96", "missing_lines": 1, "excluded_lines": 0, "percent_statements_covered": 96.42857142857143, "percent_statements_covered_display": "96"}, "missing_lines": [200], "excluded_lines": []}, "GeminiAdapter._generate_with_retry": {"executed_lines": [265, 266, 272, 276, 279, 280, 285], "summary": {"covered_lines": 7, "num_statements": 10, "percent_covered": 70.0, "percent_covered_display": "70", "missing_lines": 3, "excluded_lines": 0, "percent_statements_covered": 70.0, "percent_statements_covered_display": "70"}, "missing_lines": [277, 282, 283], "excluded_lines": []}, "GeminiAdapter._report_text_usage": {"executed_lines": [296, 297, 298, 301, 304, 305, 306, 314, 315, 316, 322, 325, 326], "summary": {"covered_lines": 13, "num_statements": 14, "percent_covered": 92.85714285714286, "percent_covered_display": "93", "missing_lines": 1, "excluded_lines": 0, "percent_statements_covered": 92.85714285714286, "percent_statements_covered_display": "93"}, "missing_lines": [299], "excluded_lines": []}, "GeminiAdapter._report_image_usage": {"executed_lines": [334, 335, 336], "summary": {"covered_lines": 3, "num_statements": 6, "percent_covered": 50.0, "percent_covered_display": "50", "missing_lines": 3, "excluded_lines": 0, "percent_statements_covered": 50.0, "percent_statements_covered_display": "50"}, "missing_lines": [342, 344, 345], "excluded_lines": []}, "GeminiAdapter._format_error": {"executed_lines": [356, 359, 362, 363, 364, 365, 366, 367, 368, 372, 373, 375], "summary": {"covered_lines": 12, "num_statements": 15, "percent_covered": 80.0, "percent_covered_display": "80", "missing_lines": 3, "excluded_lines": 0, "percent_statements_covered": 80.0, "percent_statements_covered_display": "80"}, "missing_lines": [360, 369, 374], "excluded_lines": []}, "GeminiAdapter.close": {"executed_lines": [379, 380], "summary": {"covered_lines": 2, "num_statements": 2, "percent_covered": 100.0, "percent_covered_display": "100", "missing_lines": 0, "excluded_lines": 0, "percent_statements_covered": 100.0, "percent_statements_covered_display": "100"}, "missing_lines": [], "excluded_lines": []}, "GeminiAdapter.list_image_models": {"executed_lines": [406, 407, 408, 409, 411, 412, 414, 415, 416, 417, 418], "summary": {"covered_lines": 11, "num_statements": 11, "percent_covered": 100.0, "percent_covered_display": "100", "missing_lines": 0, "excluded_lines": 0, "percent_statements_covered": 100.0, "percent_statements_covered_display": "100"}, "missing_lines": [], "excluded_lines": []}, "GeminiAdapter._list_image_models_with_retry": {"executed_lines": [431, 433, 434, 436, 437, 438, 441, 446, 448, 450, 457], "summary": {"covered_lines": 11, "num_statements": 11, "percent_covered": 100.0, "percent_covered_display": "100", "missing_lines": 0, "excluded_lines": 0, "percent_statements_covered": 100.0, "percent_statements_covered_display": "100"}, "missing_lines": [], "excluded_lines": []}, "GeminiAdapter.validate_image_model_id": {"executed_lines": [468, 469], "summary": {"covered_lines": 2, "num_statements": 2, "percent_covered": 100.0, "percent_covered_display": "100", "missing_lines": 0, "excluded_lines": 0, "percent_statements_covered": 100.0, "percent_statements_covered_display": "100"}, "missing_lines": [], "excluded_lines": []}, "GeminiAdapter.list_text_models": {"executed_lines": [488, 489, 490, 491, 493, 494, 496, 497], "summary": {"covered_lines": 8, "num_statements": 11, "percent_covered": 72.72727272727273, "percent_covered_display": "73", "missing_lines": 3, "excluded_lines": 0, "percent_statements_covered": 72.72727272727273, "percent_statements_covered_display": "73"}, "missing_lines": [498, 499, 500], "excluded_lines": []}, "GeminiAdapter._list_text_models_with_retry": {"executed_lines": [514, 516, 517, 518, 519, 520, 524, 531, 533, 535, 542], "summary": {"covered_lines": 11, "num_statements": 11, "percent_covered": 100.0, "percent_covered_display": "100", "missing_lines": 0, "excluded_lines": 0, "percent_statements_covered": 100.0, "percent_statements_covered_display": "100"}, "missing_lines": [], "excluded_lines": []}, "GeminiAdapter.validate_text_model_id": {"executed_lines": [553, 554], "summary": {"covered_lines": 2, "num_statements": 2, "percent_covered": 100.0, "percent_covered_display": "100", "missing_lines": 0, "excluded_lines": 0, "percent_statements_covered": 100.0, "percent_statements_covered_display": "100"}, "missing_lines": [], "excluded_lines": []}, "GeminiAdapter._resolve_default_image_model": {"executed_lines": [571, 572, 576, 577, 578, 580, 581, 582, 584, 586, 588, 591], "summary": {"covered_lines": 12, "num_statements": 13, "percent_covered": 92.3076923076923, "percent_covered_display": "92", "missing_lines": 1, "excluded_lines": 0, "percent_statements_covered": 92.3076923076923, "percent_statements_covered_display": "92"}, "missing_lines": [585], "excluded_lines": []}, "GeminiAdapter.generate_images": {"executed_lines": [617, 619, 620, 623, 626, 627, 628, 634, 637, 640, 643, 644, 646, 648, 649, 652, 653, 655, 656, 657, 658, 659, 660, 662, 664, 666, 667, 669, 672, 673, 674, 675, 676, 677, 678, 680, 681, 683], "summary": {"covered_lines": 38, "num_statements": 42, "percent_covered": 90.47619047619048, "percent_covered_display": "90", "missing_lines": 4, "excluded_lines": 0, "percent_statements_covered": 90.47619047619048, "percent_statements_covered_display": "90"}, "missing_lines": [618, 638, 641, 668], "excluded_lines": []}, "GeminiAdapter._segment_script": {"executed_lines": [698, 700, 704, 709, 710, 712, 720, 722], "summary": {"covered_lines": 8, "num_statements": 15, "percent_covered": 53.333333333333336, "percent_covered_display": "53", "missing_lines": 7, "excluded_lines": 0, "percent_statements_covered": 53.333333333333336, "percent_statements_covered_display": "53"}, "missing_lines": [702, 706, 714, 715, 716, 717, 718], "excluded_lines": []}, "GeminiAdapter._adjust_segment_count": {"executed_lines": [734, 736, 737, 739, 740, 742, 744, 747, 748, 750, 751], "summary": {"covered_lines": 11, "num_statements": 11, "percent_covered": 100.0, "percent_covered_display": "100", "missing_lines": 0, "excluded_lines": 0, "percent_statements_covered": 100.0, "percent_statements_covered_display": "100"}, "missing_lines": [], "excluded_lines": []}, "GeminiAdapter._generate_image_with_retry": {"executed_lines": [772, 774, 776, 785, 786, 788, 791, 792, 793, 794, 796, 799, 801, 804, 805, 806, 807, 810, 812], "summary": {"covered_lines": 19, "num_statements": 20, "percent_covered": 95.0, "percent_covered_display": "95", "missing_lines": 1, "excluded_lines": 0, "percent_statements_covered": 95.0, "percent_statements_covered_display": "95"}, "missing_lines": [819], "excluded_lines": []}, "": {"executed_lines": [1, 9, 10, 12, 13, 15, 17, 18, 19, 20, 23, 24, 34, 35, 36, 38, 72, 73, 77, 86, 91, 100, 155, 173, 249, 255, 287, 328, 347, 377, 386, 387, 393, 420, 426, 459, 475, 502, 508, 544, 556, 593, 685, 724, 753, 759], "summary": {"covered_lines": 44, "num_statements": 44, "percent_covered": 100.0, "percent_covered_display": "100", "missing_lines": 0, "excluded_lines": 0, "percent_statements_covered": 100.0, "percent_statements_covered_display": "100"}, "missing_lines": [], "excluded_lines": []}}, "classes": {"GeminiAdapter": {"executed_lines": [52, 53, 54, 55, 57, 59, 62, 65, 66, 69, 70, 75, 79, 80, 84, 93, 94, 98, 106, 108, 109, 110, 112, 113, 118, 119, 136, 137, 165, 197, 198, 199, 201, 202, 205, 206, 207, 212, 215, 216, 217, 218, 221, 222, 228, 229, 231, 233, 235, 236, 238, 240, 242, 243, 246, 247, 265, 266, 272, 276, 279, 280, 285, 296, 297, 298, 301, 304, 305, 306, 314, 315, 316, 322, 325, 326, 334, 335, 336, 356, 359, 362, 363, 364, 365, 366, 367, 368, 372, 373, 375, 379, 380, 406, 407, 408, 409, 411, 412, 414, 415, 416, 417, 418, 431, 433, 434, 436, 437, 438, 441, 446, 448, 450, 457, 468, 469, 488, 489, 490, 491, 493, 494, 496, 497, 514, 516, 517, 518, 519, 520, 524, 531, 533, 535, 542, 553, 554, 571, 572, 576, 577, 578, 580, 581, 582, 584, 586, 588, 591, 617, 619, 620, 623, 626, 627, 628, 634, 637, 640, 643, 644, 646, 648, 649, 652, 653, 655, 656, 657, 658, 659, 660, 662, 664, 666, 667, 669, 672, 673, 674, 675, 676, 677, 678, 680, 681, 683, 698, 700, 704, 709, 710, 712, 720, 722, 734, 736, 737, 739, 740, 742, 744, 747, 748, 750, 751, 772, 774, 776, 785, 786, 788, 791, 792, 793, 794, 796, 799, 801, 804, 805, 806, 807, 810, 812], "summary": {"covered_lines": 226, "num_statements": 260, "percent_covered": 86.92307692307692, "percent_covered_display": "87", "missing_lines": 34, "excluded_lines": 0, "percent_statements_covered": 86.92307692307692, "percent_statements_covered_display": "87"}, "missing_lines": [124, 125, 131, 142, 143, 148, 149, 200, 277, 282, 283, 299, 342, 344, 345, 360, 369, 374, 498, 499, 500, 585, 618, 638, 641, 668, 702, 706, 714, 715, 716, 717, 718, 819], "excluded_lines": []}, "": {"executed_lines": [1, 9, 10, 12, 13, 15, 17, 18, 19, 20, 23, 24, 34, 35, 36, 38, 72, 73, 77, 86, 91, 100, 155, 173, 249, 255, 287, 328, 347, 377, 386, 387, 393, 420, 426, 459, 475, 502, 508, 544, 556, 593, 685, 724, 753, 759], "summary": {"covered_lines": 44, "num_statements": 44, "percent_covered": 100.0, "percent_covered_display": "100", "missing_lines": 0, "excluded_lines": 0, "percent_statements_covered": 100.0, "percent_statements_covered_display": "100"}, "missing_lines": [], "excluded_lines": []}}}, "eleven_video\\api\\interfaces.py": {"executed_lines": [1, 7, 8, 9, 11, 15, 16, 17, 24, 25, 26, 29, 30, 31, 40, 41, 42, 43, 44, 47, 48, 49, 55, 56, 60, 68, 77, 78, 79, 85, 106, 107, 108, 114, 139, 140, 141, 147, 172, 173, 174, 180, 205, 206, 207, 213, 225, 226, 227, 233], "summary": {"covered_lines": 39, "num_statements": 39, "percent_covered": 100.0, "percent_covered_display": "100", "missing_lines": 0, "excluded_lines": 26, "percent_statements_covered": 100.0, "percent_statements_covered_display": "100"}, "missing_lines": [], "excluded_lines": [11, 12, 58, 59, 66, 67, 74, 75, 76, 103, 104, 105, 136, 137, 138, 169, 170, 171, 202, 203, 204, 222, 223, 224, 245, 246], "functions": {"ServiceHealth.service_name": {"executed_lines": [], "summary": {"covered_lines": 0, "num_statements": 0, "percent_covered": 100.0, "percent_covered_display": "100", "missing_lines": 0, "excluded_lines": 1, "percent_statements_covered": 100.0, "percent_statements_covered_display": "100"}, "missing_lines": [], "excluded_lines": [58]}, "ServiceHealth.check_health": {"executed_lines": [], "summary": {"covered_lines": 0, "num_statements": 0, "percent_covered": 100.0, "percent_covered_display": "100", "missing_lines": 0, "excluded_lines": 1, "percent_statements_covered": 100.0, "percent_statements_covered_display": "100"}, "missing_lines": [], "excluded_lines": [66]}, "ServiceHealth.get_usage": {"executed_lines": [], "summary": {"covered_lines": 0, "num_statements": 0, "percent_covered": 100.0, "percent_covered_display": "100", "missing_lines": 0, "excluded_lines": 1, "percent_statements_covered": 100.0, "percent_statements_covered_display": "100"}, "missing_lines": [], "excluded_lines": [74]}, "ScriptGenerator.generate_script": {"executed_lines": [], "summary": {"covered_lines": 0, "num_statements": 0, "percent_covered": 100.0, "percent_covered_display": "100", "missing_lines": 0, "excluded_lines": 1, "percent_statements_covered": 100.0, "percent_statements_covered_display": "100"}, "missing_lines": [], "excluded_lines": [103]}, "SpeechGenerator.generate_speech": {"executed_lines": [], "summary": {"covered_lines": 0, "num_statements": 0, "percent_covered": 100.0, "percent_covered_display": "100", "missing_lines": 0, "excluded_lines": 1, "percent_statements_covered": 100.0, "percent_statements_covered_display": "100"}, "missing_lines": [], "excluded_lines": [136]}, "ImageGenerator.generate_images": {"executed_lines": [], "summary": {"covered_lines": 0, "num_statements": 0, "percent_covered": 100.0, "percent_covered_display": "100", "missing_lines": 0, "excluded_lines": 1, "percent_statements_covered": 100.0, "percent_statements_covered_display": "100"}, "missing_lines": [], "excluded_lines": [169]}, "VideoCompiler.compile_video": {"executed_lines": [], "summary": {"covered_lines": 0, "num_statements": 0, "percent_covered": 100.0, "percent_covered_display": "100", "missing_lines": 0, "excluded_lines": 1, "percent_statements_covered": 100.0, "percent_statements_covered_display": "100"}, "missing_lines": [], "excluded_lines": [202]}, "VoiceLister.list_voices": {"executed_lines": [], "summary": {"covered_lines": 0, "num_statements": 0, "percent_covered": 100.0, "percent_covered_display": "100", "missing_lines": 0, "excluded_lines": 1, "percent_statements_covered": 100.0, "percent_statements_covered_display": "100"}, "missing_lines": [], "excluded_lines": [222]}, "ImageModelLister.list_image_models": {"executed_lines": [], "summary": {"covered_lines": 0, "num_statements": 0, "percent_covered": 100.0, "percent_covered_display": "100", "missing_lines": 0, "excluded_lines": 1, "percent_statements_covered": 100.0, "percent_statements_covered_display": "100"}, "missing_lines": [], "excluded_lines": [245]}, "": {"executed_lines": [1, 7, 8, 9, 11, 15, 16, 17, 24, 25, 26, 29, 30, 31, 40, 41, 42, 43, 44, 47, 48, 49, 55, 56, 60, 68, 77, 78, 79, 85, 106, 107, 108, 114, 139, 140, 141, 147, 172, 173, 174, 180, 205, 206, 207, 213, 225, 226, 227, 233], "summary": {"covered_lines": 39, "num_statements": 39, "percent_covered": 100.0, "percent_covered_display": "100", "missing_lines": 0, "excluded_lines": 16, "percent_statements_covered": 100.0, "percent_statements_covered_display": "100"}, "missing_lines": [], "excluded_lines": [11, 12, 59, 67, 75, 76, 104, 105, 137, 138, 170, 171, 203, 204, 223, 224]}}, "classes": {"HealthResult": {"executed_lines": [], "summary": {"covered_lines": 0, "num_statements": 0, "percent_covered": 100.0, "percent_covered_display": "100", "missing_lines": 0, "excluded_lines": 0, "percent_statements_covered": 100.0, "percent_statements_covered_display": "100"}, "missing_lines": [], "excluded_lines": []}, "UsageResult": {"executed_lines": [], "summary": {"covered_lines": 0, "num_statements": 0, "percent_covered": 100.0, "percent_covered_display": "100", "missing_lines": 0, "excluded_lines": 0, "percent_statements_covered": 100.0, "percent_statements_covered_display": "100"}, "missing_lines": [], "excluded_lines": []}, "ServiceHealth": {"executed_lines": [], "summary": {"covered_lines": 0, "num_statements": 0, "percent_covered": 100.0, "percent_covered_display": "100", "missing_lines": 0, "excluded_lines": 3, "percent_statements_covered": 100.0, "percent_statements_covered_display": "100"}, "missing_lines": [], "excluded_lines": [58, 66, 74]}, "ScriptGenerator": {"executed_lines": [], "summary": {"covered_lines": 0, "num_statements": 0, "percent_covered": 100.0, "percent_covered_display": "100", "missing_lines": 0, "excluded_lines": 1, "percent_statements_covered": 100.0, "percent_statements_covered_display": "100"}, "missing_lines": [], "excluded_lines": [103]}, "SpeechGenerator": {"executed_lines": [], "summary": {"covered_lines": 0, "num_statements": 0, "percent_covered": 100.0, "percent_covered_display": "100", "missing_lines": 0, "excluded_lines": 1, "percent_statements_covered": 100.0, "percent_statements_covered_display": "100"}, "missing_lines": [], "excluded_lines": [136]}, "ImageGenerator": {"executed_lines": [], "summary": {"covered_lines": 0, "num_statements": 0, "percent_covered": 100.0, "percent_covered_display": "100", "missing_lines": 0, "excluded_lines": 1, "percent_statements_covered": 100.0, "percent_statements_covered_display": "100"}, "missing_lines": [], "excluded_lines": [169]}, "VideoCompiler": {"executed_lines": [], "summary": {"covered_lines": 0, "num_statements": 0, "percent_covered": 100.0, "percent_covered_display": "100", "missing_lines": 0, "excluded_lines": 1, "percent_statements_covered": 100.0, "percent_statements_covered_display": "100"}, "missing_lines": [], "excluded_lines": [202]}, "VoiceLister": {"executed_lines": [], "summary": {"covered_lines": 0, "num_statements": 0, "percent_covered": 100.0, "percent_covered_display": "100", "missing_lines": 0, "excluded_lines": 1, "percent_statements_covered": 100.0, "percent_statements_covered_display": "100"}, "missing_lines": [], "excluded_lines": [222]}, "ImageModelLister": {"executed_lines": [], "summary": {"covered_lines": 0, "num_statements": 0, "percent_covered": 100.0, "percent_covered_display": "100", "missing_lines": 0, "excluded_lines": 1, "percent_statements_covered": 100.0, "percent_statements_covered_display": "100"}, "missing_lines": [], "excluded_lines": [245]}, "": {"executed_lines": [1, 7, 8, 9, 11, 15, 16, 17, 24, 25, 26, 29, 30, 31, 40, 41, 42, 43, 44, 47, 48, 49, 55, 56, 60, 68, 77, 78, 79, 85, 106, 107, 108, 114, 139, 140, 141, 147, 172, 173, 174, 180, 205, 206, 207, 213, 225, 226, 227, 233], "summary": {"covered_lines": 39, "num_statements": 39, "percent_covered": 100.0, "percent_covered_display": "100", "missing_lines": 0, "excluded_lines": 16, "percent_statements_covered": 100.0, "percent_statements_covered_display": "100"}, "missing_lines": [], "excluded_lines": [11, 12, 59, 67, 75, 76, 104, 105, 137, 138, 170, 171, 203, 204, 223, 224]}}}, "eleven_video\\config\\__init__.py": {"executed_lines": [2, 3, 5], "summary": {"covered_lines": 3, "num_statements": 3, "percent_covered": 100.0, "percent_covered_display": "100", "missing_lines": 0, "excluded_lines": 0, "percent_statements_covered": 100.0, "percent_statements_covered_display": "100"}, "missing_lines": [], "excluded_lines": [], "functions": {"": {"executed_lines": [2, 3, 5], "summary": {"covered_lines": 3, "num_statements": 3, "percent_covered": 100.0, "percent_covered_display": "100", "missing_lines": 0, "excluded_lines": 0, "percent_statements_covered": 100.0, "percent_statements_covered_display": "100"}, "missing_lines": [], "excluded_lines": []}}, "classes": {"": {"executed_lines": [2, 3, 5], "summary": {"covered_lines": 3, "num_statements": 3, "percent_covered": 100.0, "percent_covered_display": "100", "missing_lines": 0, "excluded_lines": 0, "percent_statements_covered": 100.0, "percent_statements_covered_display": "100"}, "missing_lines": [], "excluded_lines": []}}}, "eleven_video\\config\\persistence.py": {"executed_lines": [1, 10, 11, 12, 14, 17, 20, 31, 43, 44, 47, 54, 56, 57, 59, 60, 61, 62, 64, 67, 77, 78, 79, 81, 85, 86, 87, 90, 101, 104, 107, 110, 113, 116, 117, 124, 135, 138, 141, 142, 145, 148, 149, 152, 155, 156, 159, 160, 161, 162, 165, 172, 173, 176, 183, 184, 187, 197, 199, 200, 202, 203, 205, 208, 209, 210, 213, 223, 225, 226, 228, 229, 231, 232, 234, 237, 238, 239], "summary": {"covered_lines": 77, "num_statements": 77, "percent_covered": 100.0, "percent_covered_display": "100", "missing_lines": 0, "excluded_lines": 0, "percent_statements_covered": 100.0, "percent_statements_covered_display": "100"}, "missing_lines": [], "excluded_lines": [], "functions": {"get_config_path": {"executed_lines": [43, 44], "summary": {"covered_lines": 2, "num_statements": 2, "percent_covered": 100.0, "percent_covered_display": "100", "missing_lines": 0, "excluded_lines": 0, "percent_statements_covered": 100.0, "percent_statements_covered_display": "100"}, "missing_lines": [], "excluded_lines": []}, "load_config": {"executed_lines": [54, 56, 57, 59, 60, 61, 62, 64], "summary": {"covered_lines": 8, "num_statements": 8, "percent_covered": 100.0, "percent_covered_display": "100", "missing_lines": 0, "excluded_lines": 0, "percent_statements_covered": 100.0, "percent_statements_covered_display": "100"}, "missing_lines": [], "excluded_lines": []}, "_filter_sensitive_keys": {"executed_lines": [77, 78, 79, 81, 85, 86, 87], "summary": {"covered_lines": 7, "num_statements": 7, "percent_covered": 100.0, "percent_covered_display": "100", "missing_lines": 0, "excluded_lines": 0, "percent_statements_covered": 100.0, "percent_statements_covered_display": "100"}, "missing_lines": [], "excluded_lines": []}, "save_config": {"executed_lines": [101, 104, 107, 110, 113, 116, 117], "summary": {"covered_lines": 7, "num_statements": 7, "percent_covered": 100.0, "percent_covered_display": "100", "missing_lines": 0, "excluded_lines": 0, "percent_statements_covered": 100.0, "percent_statements_covered_display": "100"}, "missing_lines": [], "excluded_lines": []}, "create_profile": {"executed_lines": [135, 138, 141, 142, 145, 148, 149, 152, 155, 156, 159, 160, 161, 162], "summary": {"covered_lines": 14, "num_statements": 14, "percent_covered": 100.0, "percent_covered_display": "100", "missing_lines": 0, "excluded_lines": 0, "percent_statements_covered": 100.0, "percent_statements_covered_display": "100"}, "missing_lines": [], "excluded_lines": []}, "list_profiles": {"executed_lines": [172, 173], "summary": {"covered_lines": 2, "num_statements": 2, "percent_covered": 100.0, "percent_covered_display": "100", "missing_lines": 0, "excluded_lines": 0, "percent_statements_covered": 100.0, "percent_statements_covered_display": "100"}, "missing_lines": [], "excluded_lines": []}, "get_active_profile": {"executed_lines": [183, 184], "summary": {"covered_lines": 2, "num_statements": 2, "percent_covered": 100.0, "percent_covered_display": "100", "missing_lines": 0, "excluded_lines": 0, "percent_statements_covered": 100.0, "percent_statements_covered_display": "100"}, "missing_lines": [], "excluded_lines": []}, "switch_profile": {"executed_lines": [197, 199, 200, 202, 203, 205, 208, 209, 210], "summary": {"covered_lines": 9, "num_statements": 9, "percent_covered": 100.0, "percent_covered_display": "100", "missing_lines": 0, "excluded_lines": 0, "percent_statements_covered": 100.0, "percent_statements_covered_display": "100"}, "missing_lines": [], "excluded_lines": []}, "delete_profile": {"executed_lines": [223, 225, 226, 228, 229, 231, 232, 234, 237, 238, 239], "summary": {"covered_lines": 11, "num_statements": 11, "percent_covered": 100.0, "percent_covered_display": "100", "missing_lines": 0, "excluded_lines": 0, "percent_statements_covered": 100.0, "percent_statements_covered_display": "100"}, "missing_lines": [], "excluded_lines": []}, "": {"executed_lines": [1, 10, 11, 12, 14, 17, 20, 31, 47, 67, 90, 124, 165, 176, 187, 213], "summary": {"covered_lines": 15, "num_statements": 15, "percent_covered": 100.0, "percent_covered_display": "100", "missing_lines": 0, "excluded_lines": 0, "percent_statements_covered": 100.0, "percent_statements_covered_display": "100"}, "missing_lines": [], "excluded_lines": []}}, "classes": {"": {"executed_lines": [1, 10, 11, 12, 14, 17, 20, 31, 43, 44, 47, 54, 56, 57, 59, 60, 61, 62, 64, 67, 77, 78, 79, 81, 85, 86, 87, 90, 101, 104, 107, 110, 113, 116, 117, 124, 135, 138, 141, 142, 145, 148, 149, 152, 155, 156, 159, 160, 161, 162, 165, 172, 173, 176, 183, 184, 187, 197, 199, 200, 202, 203, 205, 208, 209, 210, 213, 223, 225, 226, 228, 229, 231, 232, 234, 237, 238, 239], "summary": {"covered_lines": 77, "num_statements": 77, "percent_covered": 100.0, "percent_covered_display": "100", "missing_lines": 0, "excluded_lines": 0, "percent_statements_covered": 100.0, "percent_statements_covered_display": "100"}, "missing_lines": [], "excluded_lines": []}}}, "eleven_video\\config\\settings.py": {"executed_lines": [1, 14, 16, 17, 19, 20, 23, 24, 30, 42, 44, 47, 48, 50, 56, 57, 74, 82, 83, 84, 87, 88, 89, 90, 92, 93, 94, 96, 97, 98, 100, 101, 102, 104, 105, 106, 107, 108, 109, 110, 111, 112, 114, 115, 117, 119, 120, 122, 123, 125, 126, 131, 134, 156, 159, 162, 163, 164, 166, 167, 168, 171, 172, 173, 174, 175, 179, 180, 186, 187, 188, 190, 191, 192, 193, 195, 196, 197, 198, 202, 203], "summary": {"covered_lines": 78, "num_statements": 83, "percent_covered": 93.97590361445783, "percent_covered_display": "94", "missing_lines": 5, "excluded_lines": 0, "percent_statements_covered": 93.97590361445783, "percent_statements_covered_display": "94"}, "missing_lines": [38, 39, 40, 200, 209], "excluded_lines": [], "functions": {"JsonConfigSettingsSource.get_field_value": {"executed_lines": [], "summary": {"covered_lines": 0, "num_statements": 3, "percent_covered": 0.0, "percent_covered_display": "0", "missing_lines": 3, "excluded_lines": 0, "percent_statements_covered": 0.0, "percent_statements_covered_display": "0"}, "missing_lines": [38, 39, 40], "excluded_lines": []}, "JsonConfigSettingsSource.__call__": {"executed_lines": [44], "summary": {"covered_lines": 1, "num_statements": 1, "percent_covered": 100.0, "percent_covered_display": "100", "missing_lines": 0, "excluded_lines": 0, "percent_statements_covered": 100.0, "percent_statements_covered_display": "100"}, "missing_lines": [], "excluded_lines": []}, "_SettingsBase.settings_customise_sources": {"executed_lines": [74], "summary": {"covered_lines": 1, "num_statements": 1, "percent_covered": 100.0, "percent_covered_display": "100", "missing_lines": 0, "excluded_lines": 0, "percent_statements_covered": 100.0, "percent_statements_covered_display": "100"}, "missing_lines": [], "excluded_lines": []}, "_SettingsBase.empty_string_to_none": {"executed_lines": [96, 97, 98], "summary": {"covered_lines": 3, "num_statements": 3, "percent_covered": 100.0, "percent_covered_display": "100", "missing_lines": 0, "excluded_lines": 0, "percent_statements_covered": 100.0, "percent_statements_covered_display": "100"}, "missing_lines": [], "excluded_lines": []}, "_SettingsBase.validate_duration_minutes": {"executed_lines": [104, 105, 106, 107, 108, 109, 110, 111, 112], "summary": {"covered_lines": 9, "num_statements": 9, "percent_covered": 100.0, "percent_covered_display": "100", "missing_lines": 0, "excluded_lines": 0, "percent_statements_covered": 100.0, "percent_statements_covered_display": "100"}, "missing_lines": [], "excluded_lines": []}, "_SettingsBase.validate_non_empty_keys": {"executed_lines": [117, 119, 120, 122, 123, 125, 126, 131], "summary": {"covered_lines": 8, "num_statements": 8, "percent_covered": 100.0, "percent_covered_display": "100", "missing_lines": 0, "excluded_lines": 0, "percent_statements_covered": 100.0, "percent_statements_covered_display": "100"}, "missing_lines": [], "excluded_lines": []}, "Settings": {"executed_lines": [156, 159, 162, 163, 164, 166, 167, 168, 171, 172, 173, 174, 175, 179, 180, 186, 187, 188, 190, 191, 192, 193, 195, 196, 197, 198, 202, 203], "summary": {"covered_lines": 28, "num_statements": 30, "percent_covered": 93.33333333333333, "percent_covered_display": "93", "missing_lines": 2, "excluded_lines": 0, "percent_statements_covered": 93.33333333333333, "percent_statements_covered_display": "93"}, "missing_lines": [200, 209], "excluded_lines": []}, "": {"executed_lines": [1, 14, 16, 17, 19, 20, 23, 24, 30, 42, 47, 48, 50, 56, 57, 82, 83, 84, 87, 88, 89, 90, 92, 93, 94, 100, 101, 102, 114, 115, 134], "summary": {"covered_lines": 28, "num_statements": 28, "percent_covered": 100.0, "percent_covered_display": "100", "missing_lines": 0, "excluded_lines": 0, "percent_statements_covered": 100.0, "percent_statements_covered_display": "100"}, "missing_lines": [], "excluded_lines": []}}, "classes": {"JsonConfigSettingsSource": {"executed_lines": [44], "summary": {"covered_lines": 1, "num_statements": 4, "percent_covered": 25.0, "percent_covered_display": "25", "missing_lines": 3, "excluded_lines": 0, "percent_statements_covered": 25.0, "percent_statements_covered_display": "25"}, "missing_lines": [38, 39, 40], "excluded_lines": []}, "_SettingsBase": {"executed_lines": [74, 96, 97, 98, 104, 105, 106, 107, 108, 109, 110, 111, 112, 117, 119, 120, 122, 123, 125, 126, 131], "summary": {"covered_lines": 21, "num_statements": 21, "percent_covered": 100.0, "percent_covered_display": "100", "missing_lines": 0, "excluded_lines": 0, "percent_statements_covered": 100.0, "percent_statements_covered_display": "100"}, "missing_lines": [], "excluded_lines": []}, "Settings._DynamicSettings": {"executed_lines": [], "summary": {"covered_lines": 0, "num_statements": 0, "percent_covered": 100.0, "percent_covered_display": "100", "missing_lines": 0, "excluded_lines": 0, "percent_statements_covered": 100.0, "percent_statements_covered_display": "100"}, "missing_lines": [], "excluded_lines": []}, "": {"executed_lines": [1, 14, 16, 17, 19, 20, 23, 24, 30, 42, 47, 48, 50, 56, 57, 82, 83, 84, 87, 88, 89, 90, 92, 93, 94, 100, 101, 102, 114, 115, 134, 156, 159, 162, 163, 164, 166, 167, 168, 171, 172, 173, 174, 175, 179, 180, 186, 187, 188, 190, 191, 192, 193, 195, 196, 197, 198, 202, 203], "summary": {"covered_lines": 56, "num_statements": 58, "percent_covered": 96.55172413793103, "percent_covered_display": "97", "missing_lines": 2, "excluded_lines": 0, "percent_statements_covered": 96.55172413793103, "percent_statements_covered_display": "97"}, "missing_lines": [200, 209], "excluded_lines": []}}}, "eleven_video\\constants\\__init__.py": {"executed_lines": [], "summary": {"covered_lines": 0, "num_statements": 0, "percent_covered": 100.0, "percent_covered_display": "100", "missing_lines": 0, "excluded_lines": 0, "percent_statements_covered": 100.0, "percent_statements_covered_display": "100"}, "missing_lines": [], "excluded_lines": [], "functions": {"": {"executed_lines": [], "summary": {"covered_lines": 0, "num_statements": 0, "percent_covered": 100.0, "percent_covered_display": "100", "missing_lines": 0, "excluded_lines": 0, "percent_statements_covered": 100.0, "percent_statements_covered_display": "100"}, "missing_lines": [], "excluded_lines": []}}, "classes": {"": {"executed_lines": [], "summary": {"covered_lines": 0, "num_statements": 0, "percent_covered": 100.0, "percent_covered_display": "100", "missing_lines": 0, "excluded_lines": 0, "percent_statements_covered": 100.0, "percent_statements_covered_display": "100"}, "missing_lines": [], "excluded_lines": []}}}, "eleven_video\\exceptions\\__init__.py": {"executed_lines": [2, 8], "summary": {"covered_lines": 2, "num_statements": 2, "percent_covered": 100.0, "percent_covered_display": "100", "missing_lines": 0, "excluded_lines": 0, "percent_statements_covered": 100.0, "percent_statements_covered_display": "100"}, "missing_lines": [], "excluded_lines": [], "functions": {"": {"executed_lines": [2, 8], "summary": {"covered_lines": 2, "num_statements": 2, "percent_covered": 100.0, "percent_covered_display": "100", "missing_lines": 0, "excluded_lines": 0, "percent_statements_covered": 100.0, "percent_statements_covered_display": "100"}, "missing_lines": [], "excluded_lines": []}}, "classes": {"": {"executed_lines": [2, 8], "summary": {"covered_lines": 2, "num_statements": 2, "percent_covered": 100.0, "percent_covered_display": "100", "missing_lines": 0, "excluded_lines": 0, "percent_statements_covered": 100.0, "percent_statements_covered_display": "100"}, "missing_lines": [], "excluded_lines": []}}}, "eleven_video\\exceptions\\custom_errors.py": {"executed_lines": [1, 4, 5, 13, 14, 15, 18, 19, 30, 31, 32, 35, 36, 44, 45, 46, 49, 50, 61, 62, 63, 66, 67, 76, 77, 78], "summary": {"covered_lines": 20, "num_statements": 20, "percent_covered": 100.0, "percent_covered_display": "100", "missing_lines": 0, "excluded_lines": 0, "percent_statements_covered": 100.0, "percent_statements_covered_display": "100"}, "missing_lines": [], "excluded_lines": [], "functions": {"ConfigurationError.__init__": {"executed_lines": [14, 15], "summary": {"covered_lines": 2, "num_statements": 2, "percent_covered": 100.0, "percent_covered_display": "100", "missing_lines": 0, "excluded_lines": 0, "percent_statements_covered": 100.0, "percent_statements_covered_display": "100"}, "missing_lines": [], "excluded_lines": []}, "GeminiAPIError.__init__": {"executed_lines": [31, 32], "summary": {"covered_lines": 2, "num_statements": 2, "percent_covered": 100.0, "percent_covered_display": "100", "missing_lines": 0, "excluded_lines": 0, "percent_statements_covered": 100.0, "percent_statements_covered_display": "100"}, "missing_lines": [], "excluded_lines": []}, "ValidationError.__init__": {"executed_lines": [45, 46], "summary": {"covered_lines": 2, "num_statements": 2, "percent_covered": 100.0, "percent_covered_display": "100", "missing_lines": 0, "excluded_lines": 0, "percent_statements_covered": 100.0, "percent_statements_covered_display": "100"}, "missing_lines": [], "excluded_lines": []}, "ElevenLabsAPIError.__init__": {"executed_lines": [62, 63], "summary": {"covered_lines": 2, "num_statements": 2, "percent_covered": 100.0, "percent_covered_display": "100", "missing_lines": 0, "excluded_lines": 0, "percent_statements_covered": 100.0, "percent_statements_covered_display": "100"}, "missing_lines": [], "excluded_lines": []}, "VideoProcessingError.__init__": {"executed_lines": [77, 78], "summary": {"covered_lines": 2, "num_statements": 2, "percent_covered": 100.0, "percent_covered_display": "100", "missing_lines": 0, "excluded_lines": 0, "percent_statements_covered": 100.0, "percent_statements_covered_display": "100"}, "missing_lines": [], "excluded_lines": []}, "": {"executed_lines": [1, 4, 5, 13, 18, 19, 30, 35, 36, 44, 49, 50, 61, 66, 67, 76], "summary": {"covered_lines": 10, "num_statements": 10, "percent_covered": 100.0, "percent_covered_display": "100", "missing_lines": 0, "excluded_lines": 0, "percent_statements_covered": 100.0, "percent_statements_covered_display": "100"}, "missing_lines": [], "excluded_lines": []}}, "classes": {"ConfigurationError": {"executed_lines": [14, 15], "summary": {"covered_lines": 2, "num_statements": 2, "percent_covered": 100.0, "percent_covered_display": "100", "missing_lines": 0, "excluded_lines": 0, "percent_statements_covered": 100.0, "percent_statements_covered_display": "100"}, "missing_lines": [], "excluded_lines": []}, "GeminiAPIError": {"executed_lines": [31, 32], "summary": {"covered_lines": 2, "num_statements": 2, "percent_covered": 100.0, "percent_covered_display": "100", "missing_lines": 0, "excluded_lines": 0, "percent_statements_covered": 100.0, "percent_statements_covered_display": "100"}, "missing_lines": [], "excluded_lines": []}, "ValidationError": {"executed_lines": [45, 46], "summary": {"covered_lines": 2, "num_statements": 2, "percent_covered": 100.0, "percent_covered_display": "100", "missing_lines": 0, "excluded_lines": 0, "percent_statements_covered": 100.0, "percent_statements_covered_display": "100"}, "missing_lines": [], "excluded_lines": []}, "ElevenLabsAPIError": {"executed_lines": [62, 63], "summary": {"covered_lines": 2, "num_statements": 2, "percent_covered": 100.0, "percent_covered_display": "100", "missing_lines": 0, "excluded_lines": 0, "percent_statements_covered": 100.0, "percent_statements_covered_display": "100"}, "missing_lines": [], "excluded_lines": []}, "VideoProcessingError": {"executed_lines": [77, 78], "summary": {"covered_lines": 2, "num_statements": 2, "percent_covered": 100.0, "percent_covered_display": "100", "missing_lines": 0, "excluded_lines": 0, "percent_statements_covered": 100.0, "percent_statements_covered_display": "100"}, "missing_lines": [], "excluded_lines": []}, "": {"executed_lines": [1, 4, 5, 13, 18, 19, 30, 35, 36, 44, 49, 50, 61, 66, 67, 76], "summary": {"covered_lines": 10, "num_statements": 10, "percent_covered": 100.0, "percent_covered_display": "100", "missing_lines": 0, "excluded_lines": 0, "percent_statements_covered": 100.0, "percent_statements_covered_display": "100"}, "missing_lines": [], "excluded_lines": []}}}, "eleven_video\\main.py": {"executed_lines": [1, 2, 3, 4, 5, 6, 7, 10, 11, 12, 13, 18, 19, 20, 21, 22, 23, 25, 32, 37, 40, 42, 43, 44, 45, 47, 48, 63, 64, 66, 67, 74, 77, 78, 81, 82, 89, 91, 98, 99, 109, 112, 115, 118, 119, 120, 126, 127, 128, 134, 135, 136, 142, 143, 148, 151, 152, 159, 168, 169, 171, 172, 179, 180, 190, 191, 192, 198, 199, 202, 203, 204, 205, 206, 208, 214, 216, 217, 218, 219, 225, 227, 230, 233, 234, 235, 237, 244, 245, 254, 255, 256, 257, 258, 259, 260, 263, 264, 268, 269, 271, 276, 277, 278, 279, 281, 282, 283, 285, 288, 289, 297, 298, 299, 300, 301, 302, 305, 306, 314, 315, 316, 317, 318, 319, 322, 323, 344, 347, 348, 349, 352, 353, 354, 355, 356, 359, 361, 363, 367, 374, 375, 381, 382, 387, 388, 393, 394, 399, 400, 408, 415, 417, 418, 420, 423, 424, 425, 431, 432, 446, 449, 450, 464, 467, 468, 481, 484, 485, 487, 489, 490, 492, 493, 495, 502, 503, 504, 505, 506, 507, 508, 511, 512, 519, 520, 523, 528, 529, 532, 550], "summary": {"covered_lines": 191, "num_statements": 257, "percent_covered": 74.31906614785993, "percent_covered_display": "74", "missing_lines": 66, "excluded_lines": 0, "percent_statements_covered": 74.31906614785993, "percent_statements_covered_display": "74"}, "missing_lines": [193, 194, 195, 209, 210, 211, 272, 273, 274, 360, 362, 364, 376, 377, 383, 384, 389, 390, 395, 396, 409, 410, 411, 412, 413, 414, 426, 427, 428, 433, 434, 435, 436, 437, 438, 439, 440, 441, 443, 451, 452, 453, 454, 455, 456, 457, 458, 459, 461, 469, 470, 471, 472, 473, 474, 475, 476, 477, 479, 513, 514, 516, 543, 544, 547, 551], "excluded_lines": [], "functions": {"version_callback": {"executed_lines": [43, 44, 45], "summary": {"covered_lines": 3, "num_statements": 3, "percent_covered": 100.0, "percent_covered_display": "100", "missing_lines": 0, "excluded_lines": 0, "percent_statements_covered": 100.0, "percent_statements_covered_display": "100"}, "missing_lines": [], "excluded_lines": []}, "main": {"executed_lines": [63, 64], "summary": {"covered_lines": 2, "num_statements": 2, "percent_covered": 100.0, "percent_covered_display": "100", "missing_lines": 0, "excluded_lines": 0, "percent_statements_covered": 100.0, "percent_statements_covered_display": "100"}, "missing_lines": [], "excluded_lines": []}, "setup": {"executed_lines": [74, 77, 78, 81, 82, 89, 91, 98, 99, 109, 112, 115, 118, 119, 120, 126, 127, 128, 134, 135, 136, 142, 143, 148, 151, 152, 159, 168, 169, 171, 172], "summary": {"covered_lines": 31, "num_statements": 31, "percent_covered": 100.0, "percent_covered_display": "100", "missing_lines": 0, "excluded_lines": 0, "percent_statements_covered": 100.0, "percent_statements_covered_display": "100"}, "missing_lines": [], "excluded_lines": []}, "status": {"executed_lines": [190, 191, 192, 198, 199, 202, 203, 204, 205, 206, 208, 214, 225, 230, 233, 234, 235, 237], "summary": {"covered_lines": 18, "num_statements": 24, "percent_covered": 75.0, "percent_covered_display": "75", "missing_lines": 6, "excluded_lines": 0, "percent_statements_covered": 75.0, "percent_statements_covered_display": "75"}, "missing_lines": [193, 194, 195, 209, 210, 211], "excluded_lines": []}, "status.check_single_service": {"executed_lines": [216, 217, 218, 219], "summary": {"covered_lines": 4, "num_statements": 4, "percent_covered": 100.0, "percent_covered_display": "100", "missing_lines": 0, "excluded_lines": 0, "percent_statements_covered": 100.0, "percent_statements_covered_display": "100"}, "missing_lines": [], "excluded_lines": []}, "status.check_all_services": {"executed_lines": [227], "summary": {"covered_lines": 1, "num_statements": 1, "percent_covered": 100.0, "percent_covered_display": "100", "missing_lines": 0, "excluded_lines": 0, "percent_statements_covered": 100.0, "percent_statements_covered_display": "100"}, "missing_lines": [], "excluded_lines": []}, "profile_create_cmd": {"executed_lines": [254, 255, 256, 257, 258, 259, 260], "summary": {"covered_lines": 7, "num_statements": 7, "percent_covered": 100.0, "percent_covered_display": "100", "missing_lines": 0, "excluded_lines": 0, "percent_statements_covered": 100.0, "percent_statements_covered_display": "100"}, "missing_lines": [], "excluded_lines": []}, "profile_list_cmd": {"executed_lines": [268, 269, 271, 276, 277, 278, 279, 281, 282, 283, 285], "summary": {"covered_lines": 11, "num_statements": 14, "percent_covered": 78.57142857142857, "percent_covered_display": "79", "missing_lines": 3, "excluded_lines": 0, "percent_statements_covered": 78.57142857142857, "percent_statements_covered_display": "79"}, "missing_lines": [272, 273, 274], "excluded_lines": []}, "profile_switch_cmd": {"executed_lines": [297, 298, 299, 300, 301, 302], "summary": {"covered_lines": 6, "num_statements": 6, "percent_covered": 100.0, "percent_covered_display": "100", "missing_lines": 0, "excluded_lines": 0, "percent_statements_covered": 100.0, "percent_statements_covered_display": "100"}, "missing_lines": [], "excluded_lines": []}, "profile_delete_cmd": {"executed_lines": [314, 315, 316, 317, 318, 319], "summary": {"covered_lines": 6, "num_statements": 6, "percent_covered": 100.0, "percent_covered_display": "100", "missing_lines": 0, "excluded_lines": 0, "percent_statements_covered": 100.0, "percent_statements_covered_display": "100"}, "missing_lines": [], "excluded_lines": []}, "generate": {"executed_lines": [344, 347, 348, 349, 352, 353, 354, 355, 356, 359, 361, 363, 367, 374, 375, 381, 382, 387, 388, 393, 394, 399, 400, 408, 415, 417, 418, 420, 423, 424, 425, 431, 432, 446, 449, 450, 464, 467, 468, 481, 484, 485, 487, 489, 490, 492, 493, 495, 502, 503, 504, 505, 506, 507, 508, 511, 512, 519, 520, 523, 528, 529, 532], "summary": {"covered_lines": 63, "num_statements": 119, "percent_covered": 52.94117647058823, "percent_covered_display": "53", "missing_lines": 56, "excluded_lines": 0, "percent_statements_covered": 52.94117647058823, "percent_statements_covered_display": "53"}, "missing_lines": [360, 362, 364, 376, 377, 383, 384, 389, 390, 395, 396, 409, 410, 411, 412, 413, 414, 426, 427, 428, 433, 434, 435, 436, 437, 438, 439, 440, 441, 443, 451, 452, 453, 454, 455, 456, 457, 458, 459, 461, 469, 470, 471, 472, 473, 474, 475, 476, 477, 479, 513, 514, 516, 543, 544, 547], "excluded_lines": []}, "": {"executed_lines": [1, 2, 3, 4, 5, 6, 7, 10, 11, 12, 13, 18, 19, 20, 21, 22, 23, 25, 32, 37, 40, 42, 47, 48, 66, 67, 179, 180, 244, 245, 263, 264, 288, 289, 305, 306, 322, 323, 550], "summary": {"covered_lines": 39, "num_statements": 40, "percent_covered": 97.5, "percent_covered_display": "98", "missing_lines": 1, "excluded_lines": 0, "percent_statements_covered": 97.5, "percent_statements_covered_display": "98"}, "missing_lines": [551], "excluded_lines": []}}, "classes": {"": {"executed_lines": [1, 2, 3, 4, 5, 6, 7, 10, 11, 12, 13, 18, 19, 20, 21, 22, 23, 25, 32, 37, 40, 42, 43, 44, 45, 47, 48, 63, 64, 66, 67, 74, 77, 78, 81, 82, 89, 91, 98, 99, 109, 112, 115, 118, 119, 120, 126, 127, 128, 134, 135, 136, 142, 143, 148, 151, 152, 159, 168, 169, 171, 172, 179, 180, 190, 191, 192, 198, 199, 202, 203, 204, 205, 206, 208, 214, 216, 217, 218, 219, 225, 227, 230, 233, 234, 235, 237, 244, 245, 254, 255, 256, 257, 258, 259, 260, 263, 264, 268, 269, 271, 276, 277, 278, 279, 281, 282, 283, 285, 288, 289, 297, 298, 299, 300, 301, 302, 305, 306, 314, 315, 316, 317, 318, 319, 322, 323, 344, 347, 348, 349, 352, 353, 354, 355, 356, 359, 361, 363, 367, 374, 375, 381, 382, 387, 388, 393, 394, 399, 400, 408, 415, 417, 418, 420, 423, 424, 425, 431, 432, 446, 449, 450, 464, 467, 468, 481, 484, 485, 487, 489, 490, 492, 493, 495, 502, 503, 504, 505, 506, 507, 508, 511, 512, 519, 520, 523, 528, 529, 532, 550], "summary": {"covered_lines": 191, "num_statements": 257, "percent_covered": 74.31906614785993, "percent_covered_display": "74", "missing_lines": 66, "excluded_lines": 0, "percent_statements_covered": 74.31906614785993, "percent_statements_covered_display": "74"}, "missing_lines": [193, 194, 195, 209, 210, 211, 272, 273, 274, 360, 362, 364, 376, 377, 383, 384, 389, 390, 395, 396, 409, 410, 411, 412, 413, 414, 426, 427, 428, 433, 434, 435, 436, 437, 438, 439, 440, 441, 443, 451, 452, 453, 454, 455, 456, 457, 458, 459, 461, 469, 470, 471, 472, 473, 474, 475, 476, 477, 479, 513, 514, 516, 543, 544, 547, 551], "excluded_lines": []}}}, "eleven_video\\models\\__init__.py": {"executed_lines": [1, 2, 11], "summary": {"covered_lines": 2, "num_statements": 2, "percent_covered": 100.0, "percent_covered_display": "100", "missing_lines": 0, "excluded_lines": 0, "percent_statements_covered": 100.0, "percent_statements_covered_display": "100"}, "missing_lines": [], "excluded_lines": [], "functions": {"": {"executed_lines": [1, 2, 11], "summary": {"covered_lines": 2, "num_statements": 2, "percent_covered": 100.0, "percent_covered_display": "100", "missing_lines": 0, "excluded_lines": 0, "percent_statements_covered": 100.0, "percent_statements_covered_display": "100"}, "missing_lines": [], "excluded_lines": []}}, "classes": {"": {"executed_lines": [1, 2, 11], "summary": {"covered_lines": 2, "num_statements": 2, "percent_covered": 100.0, "percent_covered_display": "100", "missing_lines": 0, "excluded_lines": 0, "percent_statements_covered": 100.0, "percent_statements_covered_display": "100"}, "missing_lines": [], "excluded_lines": []}}}, "eleven_video\\models\\domain.py": {"executed_lines": [1, 2, 3, 4, 5, 8, 9, 14, 15, 16, 17, 18, 19, 20, 24, 35, 36, 37, 42, 45, 46, 47, 54, 55, 56, 59, 60, 61, 68, 69, 70, 73, 74, 75, 84, 85, 86, 87, 88, 91, 92, 93, 101, 102, 103, 104, 107, 108, 109, 117, 118, 119, 120, 123, 124, 125, 133, 134, 135, 136, 139, 140, 141, 142, 143, 146, 147, 148, 155, 156, 157, 159, 160, 162, 164, 165, 167, 171, 177, 180, 181, 182, 183, 184, 185], "summary": {"covered_lines": 73, "num_statements": 73, "percent_covered": 100.0, "percent_covered_display": "100", "missing_lines": 0, "excluded_lines": 0, "percent_statements_covered": 100.0, "percent_statements_covered_display": "100"}, "missing_lines": [], "excluded_lines": [], "functions": {"DurationOption.estimated_word_count": {"executed_lines": [162], "summary": {"covered_lines": 1, "num_statements": 1, "percent_covered": 100.0, "percent_covered_display": "100", "missing_lines": 0, "excluded_lines": 0, "percent_statements_covered": 100.0, "percent_statements_covered_display": "100"}, "missing_lines": [], "excluded_lines": []}, "DurationOption.estimated_image_count": {"executed_lines": [167], "summary": {"covered_lines": 1, "num_statements": 1, "percent_covered": 100.0, "percent_covered_display": "100", "missing_lines": 0, "excluded_lines": 0, "percent_statements_covered": 100.0, "percent_statements_covered_display": "100"}, "missing_lines": [], "excluded_lines": []}, "": {"executed_lines": [1, 2, 3, 4, 5, 8, 9, 14, 15, 16, 17, 18, 19, 20, 24, 35, 36, 37, 42, 45, 46, 47, 54, 55, 56, 59, 60, 61, 68, 69, 70, 73, 74, 75, 84, 85, 86, 87, 88, 91, 92, 93, 101, 102, 103, 104, 107, 108, 109, 117, 118, 119, 120, 123, 124, 125, 133, 134, 135, 136, 139, 140, 141, 142, 143, 146, 147, 148, 155, 156, 157, 159, 160, 164, 165, 171, 177, 180, 181, 182, 183, 184, 185], "summary": {"covered_lines": 71, "num_statements": 71, "percent_covered": 100.0, "percent_covered_display": "100", "missing_lines": 0, "excluded_lines": 0, "percent_statements_covered": 100.0, "percent_statements_covered_display": "100"}, "missing_lines": [], "excluded_lines": []}}, "classes": {"PipelineStage": {"executed_lines": [], "summary": {"covered_lines": 0, "num_statements": 0, "percent_covered": 100.0, "percent_covered_display": "100", "missing_lines": 0, "excluded_lines": 0, "percent_statements_covered": 100.0, "percent_statements_covered_display": "100"}, "missing_lines": [], "excluded_lines": []}, "Script": {"executed_lines": [], "summary": {"covered_lines": 0, "num_statements": 0, "percent_covered": 100.0, "percent_covered_display": "100", "missing_lines": 0, "excluded_lines": 0, "percent_statements_covered": 100.0, "percent_statements_covered_display": "100"}, "missing_lines": [], "excluded_lines": []}, "Audio": {"executed_lines": [], "summary": {"covered_lines": 0, "num_statements": 0, "percent_covered": 100.0, "percent_covered_display": "100", "missing_lines": 0, "excluded_lines": 0, "percent_statements_covered": 100.0, "percent_statements_covered_display": "100"}, "missing_lines": [], "excluded_lines": []}, "Image": {"executed_lines": [], "summary": {"covered_lines": 0, "num_statements": 0, "percent_covered": 100.0, "percent_covered_display": "100", "missing_lines": 0, "excluded_lines": 0, "percent_statements_covered": 100.0, "percent_statements_covered_display": "100"}, "missing_lines": [], "excluded_lines": []}, "Video": {"executed_lines": [], "summary": {"covered_lines": 0, "num_statements": 0, "percent_covered": 100.0, "percent_covered_display": "100", "missing_lines": 0, "excluded_lines": 0, "percent_statements_covered": 100.0, "percent_statements_covered_display": "100"}, "missing_lines": [], "excluded_lines": []}, "VoiceInfo": {"executed_lines": [], "summary": {"covered_lines": 0, "num_statements": 0, "percent_covered": 100.0, "percent_covered_display": "100", "missing_lines": 0, "excluded_lines": 0, "percent_statements_covered": 100.0, "percent_statements_covered_display": "100"}, "missing_lines": [], "excluded_lines": []}, "ImageModelInfo": {"executed_lines": [], "summary": {"covered_lines": 0, "num_statements": 0, "percent_covered": 100.0, "percent_covered_display": "100", "missing_lines": 0, "excluded_lines": 0, "percent_statements_covered": 100.0, "percent_statements_covered_display": "100"}, "missing_lines": [], "excluded_lines": []}, "GeminiModelInfo": {"executed_lines": [], "summary": {"covered_lines": 0, "num_statements": 0, "percent_covered": 100.0, "percent_covered_display": "100", "missing_lines": 0, "excluded_lines": 0, "percent_statements_covered": 100.0, "percent_statements_covered_display": "100"}, "missing_lines": [], "excluded_lines": []}, "VideoDuration": {"executed_lines": [], "summary": {"covered_lines": 0, "num_statements": 0, "percent_covered": 100.0, "percent_covered_display": "100", "missing_lines": 0, "excluded_lines": 0, "percent_statements_covered": 100.0, "percent_statements_covered_display": "100"}, "missing_lines": [], "excluded_lines": []}, "DurationOption": {"executed_lines": [162, 167], "summary": {"covered_lines": 2, "num_statements": 2, "percent_covered": 100.0, "percent_covered_display": "100", "missing_lines": 0, "excluded_lines": 0, "percent_statements_covered": 100.0, "percent_statements_covered_display": "100"}, "missing_lines": [], "excluded_lines": []}, "Resolution": {"executed_lines": [], "summary": {"covered_lines": 0, "num_statements": 0, "percent_covered": 100.0, "percent_covered_display": "100", "missing_lines": 0, "excluded_lines": 0, "percent_statements_covered": 100.0, "percent_statements_covered_display": "100"}, "missing_lines": [], "excluded_lines": []}, "": {"executed_lines": [1, 2, 3, 4, 5, 8, 9, 14, 15, 16, 17, 18, 19, 20, 24, 35, 36, 37, 42, 45, 46, 47, 54, 55, 56, 59, 60, 61, 68, 69, 70, 73, 74, 75, 84, 85, 86, 87, 88, 91, 92, 93, 101, 102, 103, 104, 107, 108, 109, 117, 118, 119, 120, 123, 124, 125, 133, 134, 135, 136, 139, 140, 141, 142, 143, 146, 147, 148, 155, 156, 157, 159, 160, 164, 165, 171, 177, 180, 181, 182, 183, 184, 185], "summary": {"covered_lines": 71, "num_statements": 71, "percent_covered": 100.0, "percent_covered_display": "100", "missing_lines": 0, "excluded_lines": 0, "percent_statements_covered": 100.0, "percent_statements_covered_display": "100"}, "missing_lines": [], "excluded_lines": []}}}, "eleven_video\\monitoring\\__init__.py": {"executed_lines": [1, 3, 4, 6], "summary": {"covered_lines": 3, "num_statements": 3, "percent_covered": 100.0, "percent_covered_display": "100", "missing_lines": 0, "excluded_lines": 0, "percent_statements_covered": 100.0, "percent_statements_covered_display": "100"}, "missing_lines": [], "excluded_lines": [], "functions": {"": {"executed_lines": [1, 3, 4, 6], "summary": {"covered_lines": 3, "num_statements": 3, "percent_covered": 100.0, "percent_covered_display": "100", "missing_lines": 0, "excluded_lines": 0, "percent_statements_covered": 100.0, "percent_statements_covered_display": "100"}, "missing_lines": [], "excluded_lines": []}}, "classes": {"": {"executed_lines": [1, 3, 4, 6], "summary": {"covered_lines": 3, "num_statements": 3, "percent_covered": 100.0, "percent_covered_display": "100", "missing_lines": 0, "excluded_lines": 0, "percent_statements_covered": 100.0, "percent_statements_covered_display": "100"}, "missing_lines": [], "excluded_lines": []}}}, "eleven_video\\monitoring\\success_rate.py": {"executed_lines": [1, 7, 8, 11, 12, 13, 26, 27, 29, 31, 33, 40, 42, 43, 45, 47, 48, 50, 52, 53, 57, 58, 65, 66, 67, 69, 79, 81, 86], "summary": {"covered_lines": 27, "num_statements": 31, "percent_covered": 87.09677419354838, "percent_covered_display": "87", "missing_lines": 4, "excluded_lines": 0, "percent_statements_covered": 87.09677419354838, "percent_statements_covered_display": "87"}, "missing_lines": [55, 83, 84, 93], "excluded_lines": [], "functions": {"SuccessRateTracker.record_success": {"executed_lines": [31], "summary": {"covered_lines": 1, "num_statements": 1, "percent_covered": 100.0, "percent_covered_display": "100", "missing_lines": 0, "excluded_lines": 0, "percent_statements_covered": 100.0, "percent_statements_covered_display": "100"}, "missing_lines": [], "excluded_lines": []}, "SuccessRateTracker.record_failure": {"executed_lines": [40], "summary": {"covered_lines": 1, "num_statements": 1, "percent_covered": 100.0, "percent_covered_display": "100", "missing_lines": 0, "excluded_lines": 0, "percent_statements_covered": 100.0, "percent_statements_covered_display": "100"}, "missing_lines": [], "excluded_lines": []}, "SuccessRateTracker.total_attempts": {"executed_lines": [45], "summary": {"covered_lines": 1, "num_statements": 1, "percent_covered": 100.0, "percent_covered_display": "100", "missing_lines": 0, "excluded_lines": 0, "percent_statements_covered": 100.0, "percent_statements_covered_display": "100"}, "missing_lines": [], "excluded_lines": []}, "SuccessRateTracker.successful_attempts": {"executed_lines": [50], "summary": {"covered_lines": 1, "num_statements": 1, "percent_covered": 100.0, "percent_covered_display": "100", "missing_lines": 0, "excluded_lines": 0, "percent_statements_covered": 100.0, "percent_statements_covered_display": "100"}, "missing_lines": [], "excluded_lines": []}, "SuccessRateTracker.failed_attempts": {"executed_lines": [], "summary": {"covered_lines": 0, "num_statements": 1, "percent_covered": 0.0, "percent_covered_display": "0", "missing_lines": 1, "excluded_lines": 0, "percent_statements_covered": 0.0, "percent_statements_covered_display": "0"}, "missing_lines": [55], "excluded_lines": []}, "SuccessRateTracker.success_rate": {"executed_lines": [65, 66, 67], "summary": {"covered_lines": 3, "num_statements": 3, "percent_covered": 100.0, "percent_covered_display": "100", "missing_lines": 0, "excluded_lines": 0, "percent_statements_covered": 100.0, "percent_statements_covered_display": "100"}, "missing_lines": [], "excluded_lines": []}, "SuccessRateTracker.meets_threshold": {"executed_lines": [79], "summary": {"covered_lines": 1, "num_statements": 1, "percent_covered": 100.0, "percent_covered_display": "100", "missing_lines": 0, "excluded_lines": 0, "percent_statements_covered": 100.0, "percent_statements_covered_display": "100"}, "missing_lines": [], "excluded_lines": []}, "SuccessRateTracker.reset": {"executed_lines": [], "summary": {"covered_lines": 0, "num_statements": 2, "percent_covered": 0.0, "percent_covered_display": "0", "missing_lines": 2, "excluded_lines": 0, "percent_statements_covered": 0.0, "percent_statements_covered_display": "0"}, "missing_lines": [83, 84], "excluded_lines": []}, "SuccessRateTracker.summary": {"executed_lines": [], "summary": {"covered_lines": 0, "num_statements": 1, "percent_covered": 0.0, "percent_covered_display": "0", "missing_lines": 1, "excluded_lines": 0, "percent_statements_covered": 0.0, "percent_statements_covered_display": "0"}, "missing_lines": [93], "excluded_lines": []}, "": {"executed_lines": [1, 7, 8, 11, 12, 13, 26, 27, 29, 33, 42, 43, 47, 48, 52, 53, 57, 58, 69, 81, 86], "summary": {"covered_lines": 19, "num_statements": 19, "percent_covered": 100.0, "percent_covered_display": "100", "missing_lines": 0, "excluded_lines": 0, "percent_statements_covered": 100.0, "percent_statements_covered_display": "100"}, "missing_lines": [], "excluded_lines": []}}, "classes": {"SuccessRateTracker": {"executed_lines": [31, 40, 45, 50, 65, 66, 67, 79], "summary": {"covered_lines": 8, "num_statements": 12, "percent_covered": 66.66666666666667, "percent_covered_display": "67", "missing_lines": 4, "excluded_lines": 0, "percent_statements_covered": 66.66666666666667, "percent_statements_covered_display": "67"}, "missing_lines": [55, 83, 84, 93], "excluded_lines": []}, "": {"executed_lines": [1, 7, 8, 11, 12, 13, 26, 27, 29, 33, 42, 43, 47, 48, 52, 53, 57, 58, 69, 81, 86], "summary": {"covered_lines": 19, "num_statements": 19, "percent_covered": 100.0, "percent_covered_display": "100", "missing_lines": 0, "excluded_lines": 0, "percent_statements_covered": 100.0, "percent_statements_covered_display": "100"}, "missing_lines": [], "excluded_lines": []}}}, "eleven_video\\monitoring\\usage.py": {"executed_lines": [1, 9, 10, 11, 12, 13, 16, 17, 18, 19, 20, 21, 24, 25, 26, 27, 28, 29, 30, 31, 34, 35, 45, 56, 57, 59, 60, 67, 68, 70, 71, 73, 74, 76, 77, 87, 89, 90, 93, 94, 96, 99, 100, 111, 112, 114, 116, 117, 119, 120, 126, 127, 129, 130, 131, 133, 134, 139, 146, 147, 149, 164, 165, 166, 168, 170, 177, 178, 180, 190, 191, 194, 197, 198, 200, 202, 203, 205, 206, 207, 209, 212, 213, 214, 216, 217, 219, 222, 223, 225, 226, 227, 231, 234, 236, 237, 238, 239, 244, 251, 261, 262, 263, 264, 265, 266, 267, 268, 269, 270, 271, 272, 273, 274, 275, 277, 283, 284], "summary": {"covered_lines": 113, "num_statements": 115, "percent_covered": 98.26086956521739, "percent_covered_display": "98", "missing_lines": 2, "excluded_lines": 0, "percent_statements_covered": 98.26086956521739, "percent_statements_covered_display": "98"}, "missing_lines": [136, 137], "excluded_lines": [], "functions": {"PricingStrategy.configure": {"executed_lines": [67, 68], "summary": {"covered_lines": 2, "num_statements": 2, "percent_covered": 100.0, "percent_covered_display": "100", "missing_lines": 0, "excluded_lines": 0, "percent_statements_covered": 100.0, "percent_statements_covered_display": "100"}, "missing_lines": [], "excluded_lines": []}, "PricingStrategy.reset": {"executed_lines": [73, 74], "summary": {"covered_lines": 2, "num_statements": 2, "percent_covered": 100.0, "percent_covered_display": "100", "missing_lines": 0, "excluded_lines": 0, "percent_statements_covered": 100.0, "percent_statements_covered_display": "100"}, "missing_lines": [], "excluded_lines": []}, "PricingStrategy.get_price": {"executed_lines": [87, 89, 90, 93, 94, 96], "summary": {"covered_lines": 6, "num_statements": 6, "percent_covered": 100.0, "percent_covered_display": "100", "missing_lines": 0, "excluded_lines": 0, "percent_statements_covered": 100.0, "percent_statements_covered_display": "100"}, "missing_lines": [], "excluded_lines": []}, "UsageMonitor.__init__": {"executed_lines": [116, 117], "summary": {"covered_lines": 2, "num_statements": 2, "percent_covered": 100.0, "percent_covered_display": "100", "missing_lines": 0, "excluded_lines": 0, "percent_statements_covered": 100.0, "percent_statements_covered_display": "100"}, "missing_lines": [], "excluded_lines": []}, "UsageMonitor.get_instance": {"executed_lines": [126, 127, 129, 130, 131], "summary": {"covered_lines": 5, "num_statements": 5, "percent_covered": 100.0, "percent_covered_display": "100", "missing_lines": 0, "excluded_lines": 0, "percent_statements_covered": 100.0, "percent_statements_covered_display": "100"}, "missing_lines": [], "excluded_lines": []}, "UsageMonitor._reset_instance": {"executed_lines": [], "summary": {"covered_lines": 0, "num_statements": 2, "percent_covered": 0.0, "percent_covered_display": "0", "missing_lines": 2, "excluded_lines": 0, "percent_statements_covered": 0.0, "percent_statements_covered_display": "0"}, "missing_lines": [136, 137], "excluded_lines": []}, "UsageMonitor.reset": {"executed_lines": [146, 147], "summary": {"covered_lines": 2, "num_statements": 2, "percent_covered": 100.0, "percent_covered_display": "100", "missing_lines": 0, "excluded_lines": 0, "percent_statements_covered": 100.0, "percent_statements_covered_display": "100"}, "missing_lines": [], "excluded_lines": []}, "UsageMonitor.track_usage": {"executed_lines": [164, 165, 166, 168, 170, 177, 178], "summary": {"covered_lines": 7, "num_statements": 7, "percent_covered": 100.0, "percent_covered_display": "100", "missing_lines": 0, "excluded_lines": 0, "percent_statements_covered": 100.0, "percent_statements_covered_display": "100"}, "missing_lines": [], "excluded_lines": []}, "UsageMonitor.get_summary": {"executed_lines": [190, 191, 194, 197, 198, 200, 202, 203, 205, 206, 207, 209, 212, 213, 214, 216, 217, 219, 222, 223, 225, 226, 227, 231, 234, 236, 237, 238, 239, 244], "summary": {"covered_lines": 30, "num_statements": 30, "percent_covered": 100.0, "percent_covered_display": "100", "missing_lines": 0, "excluded_lines": 0, "percent_statements_covered": 100.0, "percent_statements_covered_display": "100"}, "missing_lines": [], "excluded_lines": []}, "UsageMonitor._calculate_cost": {"executed_lines": [261, 262, 263, 264, 265, 266, 267, 268, 269, 270, 271, 272, 273, 274, 275], "summary": {"covered_lines": 15, "num_statements": 15, "percent_covered": 100.0, "percent_covered_display": "100", "missing_lines": 0, "excluded_lines": 0, "percent_statements_covered": 100.0, "percent_statements_covered_display": "100"}, "missing_lines": [], "excluded_lines": []}, "UsageMonitor.get_events": {"executed_lines": [283, 284], "summary": {"covered_lines": 2, "num_statements": 2, "percent_covered": 100.0, "percent_covered_display": "100", "missing_lines": 0, "excluded_lines": 0, "percent_statements_covered": 100.0, "percent_statements_covered_display": "100"}, "missing_lines": [], "excluded_lines": []}, "": {"executed_lines": [1, 9, 10, 11, 12, 13, 16, 17, 18, 19, 20, 21, 24, 25, 26, 27, 28, 29, 30, 31, 34, 35, 45, 56, 57, 59, 60, 70, 71, 76, 77, 99, 100, 111, 112, 114, 119, 120, 133, 134, 139, 149, 180, 251, 277], "summary": {"covered_lines": 40, "num_statements": 40, "percent_covered": 100.0, "percent_covered_display": "100", "missing_lines": 0, "excluded_lines": 0, "percent_statements_covered": 100.0, "percent_statements_covered_display": "100"}, "missing_lines": [], "excluded_lines": []}}, "classes": {"MetricType": {"executed_lines": [], "summary": {"covered_lines": 0, "num_statements": 0, "percent_covered": 100.0, "percent_covered_display": "100", "missing_lines": 0, "excluded_lines": 0, "percent_statements_covered": 100.0, "percent_statements_covered_display": "100"}, "missing_lines": [], "excluded_lines": []}, "UsageEvent": {"executed_lines": [], "summary": {"covered_lines": 0, "num_statements": 0, "percent_covered": 100.0, "percent_covered_display": "100", "missing_lines": 0, "excluded_lines": 0, "percent_statements_covered": 100.0, "percent_statements_covered_display": "100"}, "missing_lines": [], "excluded_lines": []}, "PricingStrategy": {"executed_lines": [67, 68, 73, 74, 87, 89, 90, 93, 94, 96], "summary": {"covered_lines": 10, "num_statements": 10, "percent_covered": 100.0, "percent_covered_display": "100", "missing_lines": 0, "excluded_lines": 0, "percent_statements_covered": 100.0, "percent_statements_covered_display": "100"}, "missing_lines": [], "excluded_lines": []}, "UsageMonitor": {"executed_lines": [116, 117, 126, 127, 129, 130, 131, 146, 147, 164, 165, 166, 168, 170, 177, 178, 190, 191, 194, 197, 198, 200, 202, 203, 205, 206, 207, 209, 212, 213, 214, 216, 217, 219, 222, 223, 225, 226, 227, 231, 234, 236, 237, 238, 239, 244, 261, 262, 263, 264, 265, 266, 267, 268, 269, 270, 271, 272, 273, 274, 275, 283, 284], "summary": {"covered_lines": 63, "num_statements": 65, "percent_covered": 96.92307692307692, "percent_covered_display": "97", "missing_lines": 2, "excluded_lines": 0, "percent_statements_covered": 96.92307692307692, "percent_statements_covered_display": "97"}, "missing_lines": [136, 137], "excluded_lines": []}, "": {"executed_lines": [1, 9, 10, 11, 12, 13, 16, 17, 18, 19, 20, 21, 24, 25, 26, 27, 28, 29, 30, 31, 34, 35, 45, 56, 57, 59, 60, 70, 71, 76, 77, 99, 100, 111, 112, 114, 119, 120, 133, 134, 139, 149, 180, 251, 277], "summary": {"covered_lines": 40, "num_statements": 40, "percent_covered": 100.0, "percent_covered_display": "100", "missing_lines": 0, "excluded_lines": 0, "percent_statements_covered": 100.0, "percent_statements_covered_display": "100"}, "missing_lines": [], "excluded_lines": []}}}, "eleven_video\\orchestrator\\__init__.py": {"executed_lines": [1, 3], "summary": {"covered_lines": 2, "num_statements": 2, "percent_covered": 100.0, "percent_covered_display": "100", "missing_lines": 0, "excluded_lines": 0, "percent_statements_covered": 100.0, "percent_statements_covered_display": "100"}, "missing_lines": [], "excluded_lines": [], "functions": {"": {"executed_lines": [1, 3], "summary": {"covered_lines": 2, "num_statements": 2, "percent_covered": 100.0, "percent_covered_display": "100", "missing_lines": 0, "excluded_lines": 0, 
[...]
"percent_covered": 100.0, "percent_covered_display": "100", "missing_lines": 0, "excluded_lines": 2, "percent_statements_covered": 100.0, "percent_statements_covered_display": "100"}, "missing_lines": [], "excluded_lines": [16, 17]}}, "classes": {"GeminiModelSelector": {"executed_lines": [36, 45, 46, 47, 49, 50, 51, 52, 53, 54, 56, 57, 58, 60, 61, 69, 74, 75, 76, 77, 80, 82, 83, 85, 96, 101, 102, 103, 104, 105, 106, 107, 108, 109, 110, 111], "summary": {"covered_lines": 36, "num_statements": 36, "percent_covered": 100.0, "percent_covered_display": "100", "missing_lines": 0, "excluded_lines": 0, "percent_statements_covered": 100.0, "percent_statements_covered_display": "100"}, "missing_lines": [], "excluded_lines": []}, "": {"executed_lines": [1, 7, 9, 10, 11, 13, 14, 16, 20, 21, 27, 28, 30, 38, 63, 87], "summary": {"covered_lines": 13, "num_statements": 13, "percent_covered": 100.0, "percent_covered_display": "100", "missing_lines": 0, "excluded_lines": 2, "percent_statements_covered": 100.0, "percent_statements_covered_display": "100"}, "missing_lines": [], "excluded_lines": [16, 17]}}}, "eleven_video\\ui\\image_model_selector.py": {"executed_lines": [1, 7, 9, 10, 11, 13, 14, 16, 20, 21, 27, 28, 30, 36, 38, 45, 46, 47, 49, 50, 51, 52, 53, 54, 56, 57, 58, 60, 61, 63, 69, 74, 75, 76, 77, 80, 82, 83, 85, 87, 96, 101, 102, 103, 104, 105, 106, 107, 108, 109, 110, 111], "summary": {"covered_lines": 49, "num_statements": 49, "percent_covered": 100.0, "percent_covered_display": "100", "missing_lines": 0, "excluded_lines": 2, "percent_statements_covered": 100.0, "percent_statements_covered_display": "100"}, "missing_lines": [], "excluded_lines": [16, 17], "functions": {"ImageModelSelector.__init__": {"executed_lines": [36], "summary": {"covered_lines": 1, "num_statements": 1, "percent_covered": 100.0, "percent_covered_display": "100", "missing_lines": 0, "excluded_lines": 0, "percent_statements_covered": 100.0, "percent_statements_covered_display": "100"}, "missing_lines": [], "excluded_lines": []}, "ImageModelSelector.select_model_interactive": {"executed_lines": [45, 46, 47, 49, 50, 51, 52, 53, 54, 56, 57, 58, 60, 61], "summary": {"covered_lines": 14, "num_statements": 14, "percent_covered": 100.0, "percent_covered_display": "100", "missing_lines": 0, "excluded_lines": 0, "percent_statements_covered": 100.0, "percent_statements_covered_display": "100"}, "missing_lines": [], "excluded_lines": []}, "ImageModelSelector._display_model_list": {"executed_lines": [69, 74, 75, 76, 77, 80, 82, 83, 85], "summary": {"covered_lines": 9, "num_statements": 9, "percent_covered": 100.0, "percent_covered_display": "100", "missing_lines": 0, "excluded_lines": 0, "percent_statements_covered": 100.0, "percent_statements_covered_display": "100"}, "missing_lines": [], "excluded_lines": []}, "ImageModelSelector._get_user_selection": {"executed_lines": [96, 101, 102, 103, 104, 105, 106, 107, 108, 109, 110, 111], "summary": {"covered_lines": 12, "num_statements": 12, "percent_covered": 100.0, "percent_covered_display": "100", "missing_lines": 0, "excluded_lines": 0, "percent_statements_covered": 100.0, "percent_statements_covered_display": "100"}, "missing_lines": [], "excluded_lines": []}, "": {"executed_lines": [1, 7, 9, 10, 11, 13, 14, 16, 20, 21, 27, 28, 30, 38, 63, 87], "summary": {"covered_lines": 13, "num_statements": 13, "percent_covered": 100.0, "percent_covered_display": "100", "missing_lines": 0, "excluded_lines": 2, "percent_statements_covered": 100.0, "percent_statements_covered_display": "100"}, "missing_lines": [], "excluded_lines": [16, 17]}}, "classes": {"ImageModelSelector": {"executed_lines": [36, 45, 46, 47, 49, 50, 51, 52, 53, 54, 56, 57, 58, 60, 61, 69, 74, 75, 76, 77, 80, 82, 83, 85, 96, 101, 102, 103, 104, 105, 106, 107, 108, 109, 110, 111], "summary": {"covered_lines": 36, "num_statements": 36, "percent_covered": 100.0, "percent_covered_display": "100", "missing_lines": 0, "excluded_lines": 0, "percent_statements_covered": 100.0, "percent_statements_covered_display": "100"}, "missing_lines": [], "excluded_lines": []}, "": {"executed_lines": [1, 7, 9, 10, 11, 13, 14, 16, 20, 21, 27, 28, 30, 38, 63, 87], "summary": {"covered_lines": 13, "num_statements": 13, "percent_covered": 100.0, "percent_covered_display": "100", "missing_lines": 0, "excluded_lines": 2, "percent_statements_covered": 100.0, "percent_statements_covered_display": "100"}, "missing_lines": [], "excluded_lines": [16, 17]}}}, "eleven_video\\ui\\progress.py": {"executed_lines": [1, 7, 8, 9, 10, 12, 13, 15, 16, 18, 22, 23, 44, 51, 52, 53, 54, 55, 56, 58, 67, 68, 71, 72, 74, 75, 76, 78, 84, 85, 86, 88, 89, 90, 94, 104, 105, 107, 108, 109, 110, 111, 117, 119, 126, 128, 129, 131, 137, 144, 146, 147, 148, 151, 153, 163, 177], "summary": {"covered_lines": 54, "num_statements": 54, "percent_covered": 100.0, "percent_covered_display": "100", "missing_lines": 0, "excluded_lines": 2, "percent_statements_covered": 100.0, "percent_statements_covered_display": "100"}, "missing_lines": [], "excluded_lines": [18, 19], "functions": {"VideoPipelineProgress.__init__": {"executed_lines": [51, 52, 53, 54, 55, 56], "summary": {"covered_lines": 6, "num_statements": 6, "percent_covered": 100.0, "percent_covered_display": "100", "missing_lines": 0, "excluded_lines": 0, "percent_statements_covered": 100.0, "percent_statements_covered_display": "100"}, "missing_lines": [], "excluded_lines": []}, "VideoPipelineProgress.start_stage": {"executed_lines": [67, 68, 71, 72, 74, 75, 76], "summary": {"covered_lines": 7, "num_statements": 7, "percent_covered": 100.0, "percent_covered_display": "100", "missing_lines": 0, "excluded_lines": 0, "percent_statements_covered": 100.0, "percent_statements_covered_display": "100"}, "missing_lines": [], "excluded_lines": []}, "VideoPipelineProgress.complete_stage": {"executed_lines": [84, 85, 86, 88, 89, 90], "summary": {"covered_lines": 6, "num_statements": 6, "percent_covered": 100.0, "percent_covered_display": "100", "missing_lines": 0, "excluded_lines": 0, "percent_statements_covered": 100.0, "percent_statements_covered_display": "100"}, "missing_lines": [], "excluded_lines": []}, "VideoPipelineProgress.update_progress": {"executed_lines": [104, 105, 107, 108, 109, 110, 111, 117], "summary": {"covered_lines": 8, "num_statements": 8, "percent_covered": 100.0, "percent_covered_display": "100", "missing_lines": 0, "excluded_lines": 0, "percent_statements_covered": 100.0, "percent_statements_covered_display": "100"}, "missing_lines": [], "excluded_lines": []}, "VideoPipelineProgress.fail_stage": {"executed_lines": [126, 128, 129, 131], "summary": {"covered_lines": 4, "num_statements": 4, "percent_covered": 100.0, "percent_covered_display": "100", "missing_lines": 0, "excluded_lines": 0, "percent_statements_covered": 100.0, "percent_statements_covered_display": "100"}, "missing_lines": [], "excluded_lines": []}, "VideoPipelineProgress.show_summary": {"executed_lines": [144, 146, 147, 148, 151, 153], "summary": {"covered_lines": 6, "num_statements": 6, "percent_covered": 100.0, "percent_covered_display": "100", "missing_lines": 0, "excluded_lines": 0, "percent_statements_covered": 100.0, "percent_statements_covered_display": "100"}, "missing_lines": [], "excluded_lines": []}, "VideoPipelineProgress.create_callback": {"executed_lines": [177], "summary": {"covered_lines": 1, "num_statements": 1, "percent_covered": 100.0, "percent_covered_display": "100", "missing_lines": 0, "excluded_lines": 0, "percent_statements_covered": 100.0, "percent_statements_covered_display": "100"}, "missing_lines": [], "excluded_lines": []}, "": {"executed_lines": [1, 7, 8, 9, 10, 12, 13, 15, 16, 18, 22, 23, 44, 58, 78, 94, 119, 137, 163], "summary": {"covered_lines": 16, "num_statements": 16, "percent_covered": 100.0, "percent_covered_display": "100", "missing_lines": 0, "excluded_lines": 2, "percent_statements_covered": 100.0, "percent_statements_covered_display": "100"}, "missing_lines": [], "excluded_lines": [18, 19]}}, "classes": {"VideoPipelineProgress": {"executed_lines": [51, 52, 53, 54, 55, 56, 67, 68, 71, 72, 74, 75, 76, 84, 85, 86, 88, 89, 90, 104, 105, 107, 108, 109, 110, 111, 117, 126, 128, 129, 131, 144, 146, 147, 148, 151, 153, 177], "summary": {"covered_lines": 38, "num_statements": 38, "percent_covered": 100.0, "percent_covered_display": "100", "missing_lines": 0, "excluded_lines": 0, "percent_statements_covered": 100.0, "percent_statements_covered_display": "100"}, "missing_lines": [], "excluded_lines": []}, "": {"executed_lines": [1, 7, 8, 9, 10, 12, 13, 15, 16, 18, 22, 23, 44, 58, 78, 94, 119, 137, 163], "summary": {"covered_lines": 16, "num_statements": 16, "percent_covered": 100.0, "percent_covered_display": "100", "missing_lines": 0, "excluded_lines": 2, "percent_statements_covered": 100.0, "percent_statements_covered_display": "100"}, "missing_lines": [], "excluded_lines": [18, 19]}}}, "eleven_video\\ui\\resolution_selector.py": {"executed_lines": [1, 2, 3, 4, 7, 8, 10, 20, 23, 24, 27, 31, 35, 36, 38, 40, 47], "summary": {"covered_lines": 16, "num_statements": 18, "percent_covered": 88.88888888888889, "percent_covered_display": "89", "missing_lines": 2, "excluded_lines": 0, "percent_statements_covered": 88.88888888888889, "percent_statements_covered_display": "89"}, "missing_lines": [28, 29], "excluded_lines": [], "functions": {"ResolutionSelector.select_resolution": {"executed_lines": [20, 23, 24, 27, 31, 35, 36, 38, 40, 47], "summary": {"covered_lines": 10, "num_statements": 12, "percent_covered": 83.33333333333333, "percent_covered_display": "83", "missing_lines": 2, "excluded_lines": 0, "percent_statements_covered": 83.33333333333333, "percent_statements_covered_display": "83"}, "missing_lines": [28, 29], "excluded_lines": []}, "": {"executed_lines": [1, 2, 3, 4, 7, 8, 10], "summary": {"covered_lines": 6, "num_statements": 6, "percent_covered": 100.0, "percent_covered_display": "100", "missing_lines": 0, "excluded_lines": 0, "percent_statements_covered": 100.0, "percent_statements_covered_display": "100"}, "missing_lines": [], "excluded_lines": []}}, "classes": {"ResolutionSelector": {"executed_lines": [20, 23, 24, 27, 31, 35, 36, 38, 40, 47], "summary": {"covered_lines": 10, "num_statements": 12, "percent_covered": 83.33333333333333, "percent_covered_display": "83", "missing_lines": 2, "excluded_lines": 0, "percent_statements_covered": 83.33333333333333, "percent_statements_covered_display": "83"}, "missing_lines": [28, 29], "excluded_lines": []}, "": {"executed_lines": [1, 2, 3, 4, 7, 8, 10], "summary": {"covered_lines": 6, "num_statements": 6, "percent_covered": 100.0, "percent_covered_display": "100", "missing_lines": 0, "excluded_lines": 0, "percent_statements_covered": 100.0, "percent_statements_covered_display": "100"}, "missing_lines": [], "excluded_lines": []}}}, "eleven_video\\ui\\usage_panel.py": {"executed_lines": [1, 7, 8, 10, 11, 12, 13, 14, 16, 19, 20, 33, 44, 45, 46, 47, 48, 50, 56, 57, 60, 61, 62, 63, 64, 67, 68, 69, 70, 72, 73, 81, 82, 83, 90, 97, 107, 108, 110, 111, 113, 114, 115, 119, 145, 147, 148, 151, 153], "summary": {"covered_lines": 47, "num_statements": 67, "percent_covered": 70.14925373134328, "percent_covered_display": "70", "missing_lines": 20, "excluded_lines": 0, "percent_statements_covered": 70.14925373134328, "percent_statements_covered_display": "70"}, "missing_lines": [109, 112, 116, 117, 128, 129, 131, 132, 134, 135, 136, 137, 138, 140, 142, 143, 149, 150, 161, 162], "excluded_lines": [], "functions": {"UsageDisplay.__init__": {"executed_lines": [44, 45, 46, 47, 48], "summary": {"covered_lines": 5, "num_statements": 5, "percent_covered": 100.0, "percent_covered_display": "100", "missing_lines": 0, "excluded_lines": 0, "percent_statements_covered": 100.0, "percent_statements_covered_display": "100"}, "missing_lines": [], "excluded_lines": []}, "UsageDisplay.__rich__": {"executed_lines": [56, 57, 60, 61, 62, 63, 64, 67, 68, 69, 70, 72, 73, 81, 82, 83, 90], "summary": {"covered_lines": 17, "num_statements": 17, "percent_covered": 100.0, "percent_covered_display": "100", "missing_lines": 0, "excluded_lines": 0, "percent_statements_covered": 100.0, "percent_statements_covered_display": "100"}, "missing_lines": [], "excluded_lines": []}, "UsageDisplay._format_value": {"executed_lines": [107, 108, 110, 111, 113, 114, 115], "summary": {"covered_lines": 7, "num_statements": 11, "percent_covered": 63.63636363636363, "percent_covered_display": "64", "missing_lines": 4, "excluded_lines": 0, "percent_statements_covered": 63.63636363636363, "percent_statements_covered_display": "64"}, "missing_lines": [109, 112, 116, 117], "excluded_lines": []}, "UsageDisplay.start_live_update": {"executed_lines": [], "summary": {"covered_lines": 0, "num_statements": 7, "percent_covered": 0.0, "percent_covered_display": "0", "missing_lines": 7, "excluded_lines": 0, "percent_statements_covered": 0.0, "percent_statements_covered_display": "0"}, "missing_lines": [128, 129, 131, 132, 134, 142, 143], "excluded_lines": []}, "UsageDisplay.start_live_update._update_loop": {"executed_lines": [], "summary": {"covered_lines": 0, "num_statements": 5, "percent_covered": 0.0, "percent_covered_display": "0", "missing_lines": 5, "excluded_lines": 0, "percent_statements_covered": 0.0, "percent_statements_covered_display": "0"}, "missing_lines": [135, 136, 137, 138, 140], "excluded_lines": []}, "UsageDisplay.stop_live_update": {"executed_lines": [147, 148, 151], "summary": {"covered_lines": 3, "num_statements": 5, "percent_covered": 60.0, "percent_covered_display": "60", "missing_lines": 2, "excluded_lines": 0, "percent_statements_covered": 60.0, "percent_statements_covered_display": "60"}, "missing_lines": [149, 150], "excluded_lines": []}, "UsageDisplay.render_once": {"executed_lines": [], "summary": {"covered_lines": 0, "num_statements": 2, "percent_covered": 0.0, "percent_covered_display": "0", "missing_lines": 2, "excluded_lines": 0, "percent_statements_covered": 0.0, "percent_statements_covered_display": "0"}, "missing_lines": [161, 162], "excluded_lines": []}, "": {"executed_lines": [1, 7, 8, 10, 11, 12, 13, 14, 16, 19, 20, 33, 50, 97, 119, 145, 153], "summary": {"covered_lines": 15, "num_statements": 15, "percent_covered": 100.0, "percent_covered_display": "100", "missing_lines": 0, "excluded_lines": 0, "percent_statements_covered": 100.0, "percent_statements_covered_display": "100"}, "missing_lines": [], "excluded_lines": []}}, "classes": {"UsageDisplay": {"executed_lines": [44, 45, 46, 47, 48, 56, 57, 60, 61, 62, 63, 64, 67, 68, 69, 70, 72, 73, 81, 82, 83, 90, 107, 108, 110, 111, 113, 114, 115, 147, 148, 151], "summary": {"covered_lines": 32, "num_statements": 52, "percent_covered": 61.53846153846154, "percent_covered_display": "62", "missing_lines": 20, "excluded_lines": 0, "percent_statements_covered": 61.53846153846154, "percent_statements_covered_display": "62"}, "missing_lines": [109, 112, 116, 117, 128, 129, 131, 132, 134, 135, 136, 137, 138, 140, 142, 143, 149, 150, 161, 162], "excluded_lines": []}, "": {"executed_lines": [1, 7, 8, 10, 11, 12, 13, 14, 16, 19, 20, 33, 50, 97, 119, 145, 153], "summary": {"covered_lines": 15, "num_statements": 15, "percent_covered": 100.0, "percent_covered_display": "100", "missing_lines": 0, "excluded_lines": 0, "percent_statements_covered": 100.0, "percent_statements_covered_display": "100"}, "missing_lines": [], "excluded_lines": []}}}, "eleven_video\\ui\\voice_selector.py": {"executed_lines": [1, 7, 9, 10, 11, 13, 14, 16, 20, 21, 27, 29, 35, 37, 44, 45, 46, 48, 49, 50, 51, 52, 53, 55, 56, 57, 59, 60, 62, 68, 73, 74, 75, 76, 79, 81, 82, 84, 86, 95, 100, 101, 102, 103, 104, 105, 106, 107, 108, 109, 110], "summary": {"covered_lines": 48, "num_statements": 48, "percent_covered": 100.0, "percent_covered_display": "100", "missing_lines": 0, "excluded_lines": 2, "percent_statements_covered": 100.0, "percent_statements_covered_display": "100"}, "missing_lines": [], "excluded_lines": [16, 17], "functions": {"VoiceSelector.__init__": {"executed_lines": [35], "summary": {"covered_lines": 1, "num_statements": 1, "percent_covered": 100.0, "percent_covered_display": "100", "missing_lines": 0, "excluded_lines": 0, "percent_statements_covered": 100.0, "percent_statements_covered_display": "100"}, "missing_lines": [], "excluded_lines": []}, "VoiceSelector.select_voice_interactive": {"executed_lines": [44, 45, 46, 48, 49, 50, 51, 52, 53, 55, 56, 57, 59, 60], "summary": {"covered_lines": 14, "num_statements": 14, "percent_covered": 100.0, "percent_covered_display": "100", "missing_lines": 0, "excluded_lines": 0, "percent_statements_covered": 100.0, "percent_statements_covered_display": "100"}, "missing_lines": [], "excluded_lines": []}, "VoiceSelector._display_voice_list": {"executed_lines": [68, 73, 74, 75, 76, 79, 81, 82, 84], "summary": {"covered_lines": 9, "num_statements": 9, "percent_covered": 100.0, "percent_covered_display": "100", "missing_lines": 0, "excluded_lines": 0, "percent_statements_covered": 100.0, "percent_statements_covered_display": "100"}, "missing_lines": [], "excluded_lines": []}, "VoiceSelector._get_user_selection": {"executed_lines": [95, 100, 101, 102, 103, 104, 105, 106, 107, 108, 109, 110], "summary": {"covered_lines": 12, "num_statements": 12, "percent_covered": 100.0, "percent_covered_display": "100", "missing_lines": 0, "excluded_lines": 0, "percent_statements_covered": 100.0, "percent_statements_covered_display": "100"}, "missing_lines": [], "excluded_lines": []}, "": {"executed_lines": [1, 7, 9, 10, 11, 13, 14, 16, 20, 21, 27, 29, 37, 62, 86], "summary": {"covered_lines": 12, "num_statements": 12, "percent_covered": 100.0, "percent_covered_display": "100", "missing_lines": 0, "excluded_lines": 2, "percent_statements_covered": 100.0, "percent_statements_covered_display": "100"}, "missing_lines": [], "excluded_lines": [16, 17]}}, "classes": {"VoiceSelector": {"executed_lines": [35, 44, 45, 46, 48, 49, 50, 51, 52, 53, 55, 56, 57, 59, 60, 68, 73, 74, 75, 76, 79, 81, 82, 84, 95, 100, 101, 102, 103, 104, 105, 106, 107, 108, 109, 110], "summary": {"covered_lines": 36, "num_statements": 36, "percent_covered": 100.0, "percent_covered_display": "100", "missing_lines": 0, "excluded_lines": 0, "percent_statements_covered": 100.0, "percent_statements_covered_display": "100"}, "missing_lines": [], "excluded_lines": []}, "": {"executed_lines": [1, 7, 9, 10, 11, 13, 14, 16, 20, 21, 27, 29, 37, 62, 86], "summary": {"covered_lines": 12, "num_statements": 12, "percent_covered": 100.0, "percent_covered_display": "100", "missing_lines": 0, "excluded_lines": 2, "percent_statements_covered": 100.0, "percent_statements_covered_display": "100"}, "missing_lines": [], "excluded_lines": [16, 17]}}}, "eleven_video\\utils\\__init__.py": {"executed_lines": [], "summary": {"covered_lines": 0, "num_statements": 0, "percent_covered": 100.0, "percent_covered_display": "100", "missing_lines": 0, "excluded_lines": 0, "percent_statements_covered": 100.0, "percent_statements_covered_display": "100"}, "missing_lines": [], "excluded_lines": [], "functions": {"": {"executed_lines": [], "summary": {"covered_lines": 0, "num_statements": 0, "percent_covered": 100.0, "percent_covered_display": "100", "missing_lines": 0, "excluded_lines": 0, "percent_statements_covered": 100.0, "percent_statements_covered_display": "100"}, "missing_lines": [], "excluded_lines": []}}, "classes": {"": {"executed_lines": [], "summary": {"covered_lines": 0, "num_statements": 0, "percent_covered": 100.0, "percent_covered_display": "100", "missing_lines": 0, "excluded_lines": 0, "percent_statements_covered": 100.0, "percent_statements_covered_display": "100"}, "missing_lines": [], "excluded_lines": []}}}}, "totals": {"covered_lines": 1618, "num_statements": 1807, "percent_covered": 89.54067515218594, "percent_covered_display": "90", "missing_lines": 189, "excluded_lines": 34, "percent_statements_covered": 89.54067515218594, "percent_statements_covered_display": "90"}}